<?xml version="1.0" encoding="UTF-8" ?>
<testsuite errors="0" failures="0" hostname="LAPTOP-FRHINHLE" name="DAO.LoaiSPDAOTest" skipped="0" tests="10" time="1.079" timestamp="2021-06-02T14:22:15">
  <properties>
    <property name="libs.jsp-compiler.javadoc" value="" />
    <property name="netbeans.autoupdate.country" value="US" />
    <property name="libs.jakartaee-web-api-8.0.src" value="" />
    <property name="libs.graaljs.maven-pom" value="" />
    <property name="javac.test.classpath" value="D:\Stu\2020-2021(N4)\K2\New folder\mssql-jdbc-9.2.1.jre8.jar:C:\Program Files\NetBeans-12.2\netbeans\platform\modules\ext\hamcrest-core-1.3.jar:C:\Program Files\NetBeans-12.2\netbeans\platform\modules\ext\junit-4.12.jar:build/web/WEB-INF/classes:C:\Program Files\NetBeans-12.2\netbeans\platform\modules\ext\junit-jupiter-api-5.6.0.jar;C:\Program Files\NetBeans-12.2\netbeans\platform\modules\ext\junit-jupiter-params-5.6.0.jar;C:\Program Files\NetBeans-12.2\netbeans\platform\modules\ext\junit-jupiter-engine-5.6.0.jar:C:\Program Files\NetBeans-12.2\netbeans\platform\modules\ext\hamcrest-core-1.3.jar:C:\Program Files\NetBeans-12.2\netbeans\platform\modules\ext\junit-4.12.jar" />
    <property name="libs.jsf20.maven-pom" value="" />
    <property name="j2ee.copy.static.files.on.save" value="true" />
    <property name="source.root" value="src" />
    <property name="do.display.browser" value="true" />
    <property name="maven.defaultProjectBuilder.disableGlobalModelCache" value="true" />
    <property name="libs.spring-webmvc4.0.src" value="" />
    <property name="javac.includes" value="DAO/LoaiSPDAOTest.java" />
    <property name="ant.file.Shop" value="D:\Stu\2020-2021(N4)\K2\New folder\BTL_SQA\Shop\build.xml" />
    <property name="ant.core.lib" value="C:\Program Files\NetBeans-12.2\netbeans\extide\ant\lib\ant.jar" />
    <property name="javadoc.windowtitle" value="" />
    <property name="libs.jsp-compilation.javadoc" value="" />
    <property name="user.dir" value="D:\Stu\2020-2021(N4)\K2\New folder\BTL_SQA\Shop" />
    <property name="libs.javaee-api-7.0.src" value="" />
    <property name="java.vm.version" value="25.181-b13" />
    <property name="libs.MyLibrary.src" value="" />
    <property name="ant.file.type.Shop-impl" value="file" />
    <property name="libs.jakartaee-web-api-8.0.maven-pom" value="" />
    <property name="libs.eclipselinkmodelgen.src" value="" />
    <property name="javadoc.notree" value="false" />
    <property name="lib.dir" value="web/WEB-INF/lib" />
    <property name="netbeans.autoupdate.version" value="1.23" />
    <property name="libs.EclipseLink-GlassFish-v3.classpath" value="C:\Users\ASUS\GlassFish_Server2\glassfish\modules\org.eclipse.persistence.antlr.jar;C:\Users\ASUS\GlassFish_Server2\glassfish\modules\org.eclipse.persistence.asm.jar;C:\Users\ASUS\GlassFish_Server2\glassfish\modules\org.eclipse.persistence.core.jar;C:\Users\ASUS\GlassFish_Server2\glassfish\modules\org.eclipse.persistence.dbws.jar;C:\Users\ASUS\GlassFish_Server2\glassfish\modules\org.eclipse.persistence.jpa.jar;C:\Users\ASUS\GlassFish_Server2\glassfish\modules\org.eclipse.persistence.jpa.jpql.jar;C:\Users\ASUS\GlassFish_Server2\glassfish\modules\org.eclipse.persistence.jpa.modelgen.processor.jar;C:\Users\ASUS\GlassFish_Server2\glassfish\modules\org.eclipse.persistence.moxy.jar;C:\Users\ASUS\GlassFish_Server2\glassfish\modules\org.eclipse.persistence.oracle.jar;C:\Users\ASUS\GlassFish_Server2\glassfish\modules\javax.persistence.jar" />
    <property name="libs.javaee-web-api-6.0.classpath" value="C:\Program Files\NetBeans-12.2\netbeans\enterprise\modules\ext\javaee-web-api-6.0.jar" />
    <property name="libs.Java-EE-GlassFish-v3-Prelude.javadoc" value="C:\Program Files\NetBeans-12.2\netbeans\enterprise\docs\javaee-doc-api.jar" />
    <property name="jdk.home" value="C:\Program Files\Java\jdk-15.0.1" />
    <property name="directory.deployment.supported" value="true" />
    <property name="javadoc.noindex" value="false" />
    <property name="sun.os.patch.level" value="" />
    <property name="libs.Java-EE-GlassFish-v3-Prelude.src" value="" />
    <property name="file.reference.mssql-jdbc-9.2.1.jre8.jar" value="D:\Stu\2020-2021(N4)\K2\New folder\mssql-jdbc-9.2.1.jre8.jar" />
    <property name="java.vm.specification.name" value="Java Virtual Machine Specification" />
    <property name="nb.show.statistics.ui" value="usageStatisticsEnabled" />
    <property name="netbeans.autoupdate.variant" value="" />
    <property name="have.tests" value="true" />
    <property name="org.xml.sax.driver" value="com.sun.org.apache.xerces.internal.jaxp.SAXParserImpl$JAXPSAXParser" />
    <property name="libs.hamcrest.classpath" value="C:\Program Files\NetBeans-12.2\netbeans\platform\modules\ext\hamcrest-core-1.3.jar" />
    <property name="j2ee.server.instance" value="[C:\Users\ASUS\GlassFish_Server2\glassfish;C:\Users\ASUS\GlassFish_Server2\glassfish\domains\domain1]deployer:gfv3ee6wc:localhost:4848" />
    <property name="os.name" value="Windows 10" />
    <property name="test.class" value="DAO.LoaiSPDAOTest" />
    <property name="jdk.gtk.version" value="2.2" />
    <property name="libs.javaee-endorsed-api-7.0.maven-pom" value="" />
    <property name="ap.proc.none.internal" value="" />
    <property name="libs.restapi.javadoc" value="" />
    <property name="libs.JWSAntTasks.maven-pom" value="" />
    <property name="libs.jstl.classpath" value="C:\Program Files\NetBeans-12.2\netbeans\enterprise\modules\ext\jstl-impl.jar;C:\Program Files\NetBeans-12.2\netbeans\enterprise\modules\ext\jstl-api.jar" />
    <property name="libs.testng.src" value="" />
    <property name="libs.spring-webmvc3.0.src" value="" />
    <property name="libs.restapi.classpath" value="C:\Program Files\NetBeans-12.2\netbeans\enterprise\modules\ext\jaxrs-2.0\javax.ws.rs-api-2.0.jar" />
    <property name="runmain.jvmargs" value="" />
    <property name="java.vendor.url.bug" value="http://bugreport.sun.com/bugreport/" />
    <property name="libs.MyLibrary2.javadoc" value="" />
    <property name="libs.jaxb.maven-pom" value="" />
    <property name="os.arch" value="amd64" />
    <property name="libs.eclipselink.src" value="" />
    <property name="user.name" value="ASUS" />
    <property name="j2ee.compile.on.save" value="false" />
    <property name="libs.jsf12.javadoc" value="C:\Program Files\NetBeans-12.2\netbeans\enterprise\docs\javaee-doc-api.jar" />
    <property name="libs.Comet-GlassFish-v3.javadoc" value="" />
    <property name="libs.spring-webmvc5.0.javadoc" value="" />
    <property name="libs.spring-framework500.classpath" value="C:\Program Files\NetBeans-12.2\netbeans\platform\modules\org-apache-commons-logging.jar;C:\Program Files\NetBeans-12.2\netbeans\java\modules\ext\cglib-2.2.jar;C:\Program Files\NetBeans-12.2\netbeans\java\modules\ext\spring-5\spring-aop-5.2.9.RELEASE.jar;C:\Program Files\NetBeans-12.2\netbeans\java\modules\ext\spring-5\spring-aspects-5.2.9.RELEASE.jar;C:\Program Files\NetBeans-12.2\netbeans\java\modules\ext\spring-5\spring-beans-5.2.9.RELEASE.jar;C:\Program Files\NetBeans-12.2\netbeans\java\modules\ext\spring-5\spring-context-5.2.9.RELEASE.jar;C:\Program Files\NetBeans-12.2\netbeans\java\modules\ext\spring-5\spring-context-indexer-5.2.9.RELEASE.jar;C:\Program Files\NetBeans-12.2\netbeans\java\modules\ext\spring-5\spring-context-support-5.2.9.RELEASE.jar;C:\Program Files\NetBeans-12.2\netbeans\java\modules\ext\spring-5\spring-core-5.2.9.RELEASE.jar;C:\Program Files\NetBeans-12.2\netbeans\java\modules\ext\spring-5\spring-expression-5.2.9.RELEASE.jar;C:\Program Files\NetBeans-12.2\netbeans\java\modules\ext\spring-5\spring-instrument-5.2.9.RELEASE.jar;C:\Program Files\NetBeans-12.2\netbeans\java\modules\ext\spring-5\spring-jcl-5.2.9.RELEASE.jar;C:\Program Files\NetBeans-12.2\netbeans\java\modules\ext\spring-5\spring-jdbc-5.2.9.RELEASE.jar;C:\Program Files\NetBeans-12.2\netbeans\java\modules\ext\spring-5\spring-jms-5.2.9.RELEASE.jar;C:\Program Files\NetBeans-12.2\netbeans\java\modules\ext\spring-5\spring-messaging-5.2.9.RELEASE.jar;C:\Program Files\NetBeans-12.2\netbeans\java\modules\ext\spring-5\spring-orm-5.2.9.RELEASE.jar;C:\Program Files\NetBeans-12.2\netbeans\java\modules\ext\spring-5\spring-oxm-5.2.9.RELEASE.jar;C:\Program Files\NetBeans-12.2\netbeans\java\modules\ext\spring-5\spring-test-5.2.9.RELEASE.jar;C:\Program Files\NetBeans-12.2\netbeans\java\modules\ext\spring-5\spring-tx-5.2.9.RELEASE.jar;C:\Program Files\NetBeans-12.2\netbeans\java\modules\ext\spring-5\spring-web-5.2.9.RELEASE.jar;C:\Program Files\NetBeans-12.2\netbeans\java\modules\ext\spring-5\spring-webflux-5.2.9.RELEASE.jar;C:\Program Files\NetBeans-12.2\netbeans\java\modules\ext\spring-5\spring-webmvc-5.2.9.RELEASE.jar;C:\Program Files\NetBeans-12.2\netbeans\java\modules\ext\spring-5\spring-websocket-5.2.9.RELEASE.jar" />
    <property name="libs.spring-webmvc3.0.maven-pom" value="" />
    <property name="sun.java.command" value="org.apache.tools.ant.taskdefs.optional.junit.JUnitTestRunner DAO.LoaiSPDAOTest skipNonTests=false filtertrace=true haltOnError=false haltOnFailure=false showoutput=true outputtoformatters=true logfailedtests=true threadid=0 logtestlistenerevents=true formatter=org.apache.tools.ant.taskdefs.optional.junit.BriefJUnitResultFormatter formatter=org.apache.tools.ant.taskdefs.optional.junit.XMLJUnitResultFormatter,D:\Stu\2020-2021(N4)\K2\New folder\BTL_SQA\Shop\build\test\results\TEST-DAO.LoaiSPDAOTest.xml crashfile=D:\Stu\2020-2021(N4)\K2\New folder\BTL_SQA\Shop\build\junitvmwatcher13649018792588007030.properties propsfile=D:\Stu\2020-2021(N4)\K2\New folder\BTL_SQA\Shop\build\junit10245046907212185816.properties" />
    <property name="build.classes.dir" value="build/web/WEB-INF/classes" />
    <property name="ap.supported.internal" value="true" />
    <property name="libs.javaee-api-8.0.maven-pom" value="" />
    <property name="libs.javaee-endorsed-api-7.0.javadoc" value="C:\Program Files\NetBeans-12.2\netbeans\enterprise\docs\javaee-doc-api.jar" />
    <property name="libs.jaxws21.javadoc" value="C:\Program Files\NetBeans-12.2\netbeans\java\docs\jaxws-api-doc.zip" />
    <property name="jdk.debug" value="release" />
    <property name="libs.spring-webmvc4.0.javadoc" value="" />
    <property name="build.web.excludes" value="**/*.java,**/*.form" />
    <property name="includes" value="**" />
    <property name="j2ee.platform.wsimport.classpath" value="C:/Users/ASUS/GlassFish_Server2/glassfish/modules/webservices-osgi.jar:C:/Users/ASUS/GlassFish_Server2/glassfish/modules/endorsed/webservices-api-osgi.jar:C:/Users/ASUS/GlassFish_Server2/glassfish/modules/jaxb-osgi.jar:C:/Users/ASUS/GlassFish_Server2/glassfish/modules/endorsed/jaxb-api.jar" />
    <property name="browser.context" value="D:\Stu\2020-2021(N4)\K2\New folder\BTL_SQA\Shop\test\DAO\LoaiSPDAOTest.java" />
    <property name="user.country" value="US" />
    <property name="javadoc.encoding" value="UTF-8" />
    <property name="platform.home" value="C:\Program Files\Java\jdk1.8.0_181" />
    <property name="javac.classpath" value="D:\Stu\2020-2021(N4)\K2\New folder\mssql-jdbc-9.2.1.jre8.jar:C:\Program Files\NetBeans-12.2\netbeans\platform\modules\ext\hamcrest-core-1.3.jar:C:\Program Files\NetBeans-12.2\netbeans\platform\modules\ext\junit-4.12.jar" />
    <property name="libs.jsp-compilation-syscp.src" value="" />
    <property name="libs.JAVADB_DRIVER_LABEL.src" value="" />
    <property name="libs.spring-framework400.classpath" value="C:\Program Files\NetBeans-12.2\netbeans\platform\modules\org-apache-commons-logging.jar;C:\Program Files\NetBeans-12.2\netbeans\java\modules\ext\cglib-2.2.jar;C:\Program Files\NetBeans-12.2\netbeans\java\modules\ext\spring-4\spring-aop-4.3.29.RELEASE.jar;C:\Program Files\NetBeans-12.2\netbeans\java\modules\ext\spring-4\spring-aspects-4.3.29.RELEASE.jar;C:\Program Files\NetBeans-12.2\netbeans\java\modules\ext\spring-4\spring-beans-4.3.29.RELEASE.jar;C:\Program Files\NetBeans-12.2\netbeans\java\modules\ext\spring-4\spring-context-4.3.29.RELEASE.jar;C:\Program Files\NetBeans-12.2\netbeans\java\modules\ext\spring-4\spring-context-support-4.3.29.RELEASE.jar;C:\Program Files\NetBeans-12.2\netbeans\java\modules\ext\spring-4\spring-core-4.3.29.RELEASE.jar;C:\Program Files\NetBeans-12.2\netbeans\java\modules\ext\spring-4\spring-expression-4.3.29.RELEASE.jar;C:\Program Files\NetBeans-12.2\netbeans\java\modules\ext\spring-4\spring-instrument-4.3.29.RELEASE.jar;C:\Program Files\NetBeans-12.2\netbeans\java\modules\ext\spring-4\spring-instrument-tomcat-4.3.29.RELEASE.jar;C:\Program Files\NetBeans-12.2\netbeans\java\modules\ext\spring-4\spring-jdbc-4.3.29.RELEASE.jar;C:\Program Files\NetBeans-12.2\netbeans\java\modules\ext\spring-4\spring-jms-4.3.29.RELEASE.jar;C:\Program Files\NetBeans-12.2\netbeans\java\modules\ext\spring-4\spring-messaging-4.3.29.RELEASE.jar;C:\Program Files\NetBeans-12.2\netbeans\java\modules\ext\spring-4\spring-orm-4.3.29.RELEASE.jar;C:\Program Files\NetBeans-12.2\netbeans\java\modules\ext\spring-4\spring-oxm-4.3.29.RELEASE.jar;C:\Program Files\NetBeans-12.2\netbeans\java\modules\ext\spring-4\spring-test-4.3.29.RELEASE.jar;C:\Program Files\NetBeans-12.2\netbeans\java\modules\ext\spring-4\spring-tx-4.3.29.RELEASE.jar;C:\Program Files\NetBeans-12.2\netbeans\java\modules\ext\spring-4\spring-web-4.3.29.RELEASE.jar;C:\Program Files\NetBeans-12.2\netbeans\java\modules\ext\spring-4\spring-webmvc-4.3.29.RELEASE.jar;C:\Program Files\NetBeans-12.2\netbeans\java\modules\ext\spring-4\spring-webmvc-portlet-4.3.29.RELEASE.jar;C:\Program Files\NetBeans-12.2\netbeans\java\modules\ext\spring-4\spring-websocket-4.3.29.RELEASE.jar" />
    <property name="platform.bootcp" value="C:\Program Files\Java\jdk1.8.0_181\jre\lib\resources.jar;C:\Program Files\Java\jdk1.8.0_181\jre\lib\rt.jar;C:\Program Files\Java\jdk1.8.0_181\jre\lib\sunrsasign.jar;C:\Program Files\Java\jdk1.8.0_181\jre\lib\jsse.jar;C:\Program Files\Java\jdk1.8.0_181\jre\lib\jce.jar;C:\Program Files\Java\jdk1.8.0_181\jre\lib\charsets.jar;C:\Program Files\Java\jdk1.8.0_181\jre\lib\jfr.jar;C:\Program Files\Java\jdk1.8.0_181\jre\classes;C:\Program Files\Java\jdk1.8.0_181\jre\lib\ext\access-bridge-64.jar;C:\Program Files\Java\jdk1.8.0_181\jre\lib\ext\cldrdata.jar;C:\Program Files\Java\jdk1.8.0_181\jre\lib\ext\dnsns.jar;C:\Program Files\Java\jdk1.8.0_181\jre\lib\ext\jaccess.jar;C:\Program Files\Java\jdk1.8.0_181\jre\lib\ext\jfxrt.jar;C:\Program Files\Java\jdk1.8.0_181\jre\lib\ext\localedata.jar;C:\Program Files\Java\jdk1.8.0_181\jre\lib\ext\nashorn.jar;C:\Program Files\Java\jdk1.8.0_181\jre\lib\ext\sunec.jar;C:\Program Files\Java\jdk1.8.0_181\jre\lib\ext\sunjce_provider.jar;C:\Program Files\Java\jdk1.8.0_181\jre\lib\ext\sunmscapi.jar;C:\Program Files\Java\jdk1.8.0_181\jre\lib\ext\sunpkcs11.jar;C:\Program Files\Java\jdk1.8.0_181\jre\lib\ext\zipfs.jar" />
    <property name="do.debug.server" value="true" />
    <property name="debug-transport" value="dt_shmem" />
    <property name="netbeans.home" value="C:\Program Files\NetBeans-12.2\netbeans\platform" />
    <property name="build.compiler.emacs" value="true" />
    <property name="libs.javaee-web-api-6.0.src" value="" />
    <property name="libs.jsp-compilation-syscp.classpath" value="C:\Program Files\NetBeans-12.2\netbeans\extide\ant\lib\ant.jar;C:\Program Files\NetBeans-12.2\netbeans\enterprise\modules\ext\servlet3.1-jsp2.3-api.jar;C:\Program Files\NetBeans-12.2\netbeans\enterprise\modules\ext\glassfish-jspparser-4.0.jar;C:\Program Files\NetBeans-12.2\netbeans\enterprise\modules\ext\jstl-impl.jar;C:\Program Files\NetBeans-12.2\netbeans\enterprise\modules\ext\jsf-2_2\javax.faces.jar" />
    <property name="nu.validator.checker.imageCandidateString.hasWidth" value="0" />
    <property name="java.endorsed.dirs" value="C:\Program Files\Java\jdk1.8.0_181\jre\lib\endorsed" />
    <property name="libs.Comet-GlassFish-v3.maven-pom" value="" />
    <property name="libs.groovy-all.src" value="" />
    <property name="libs.junit_5.src" value="C:\Program Files\NetBeans-12.2\netbeans\platform\docs\junit-jupiter-api-5.6.0-sources.jar;C:\Program Files\NetBeans-12.2\netbeans\platform\docs\junit-jupiter-params-5.6.0-sources.jar;C:\Program Files\NetBeans-12.2\netbeans\platform\docs\junit-jupiter-engine-5.6.0-sources.jar" />
    <property name="test.includes" value="DAO/LoaiSPDAOTest.java" />
    <property name="libs.jakartaee-api-8.0.classpath" value="C:\Program Files\NetBeans-12.2\netbeans\enterprise\modules\ext\jakarta.jakartaee-api-8.0.0.jar" />
    <property name="netbeans.dynamic.classpath" value="C:\Program Files\NetBeans-12.2\netbeans\platform\core\asm-8.0.1.jar;C:\Program Files\NetBeans-12.2\netbeans\platform\core\asm-commons-8.0.1.jar;C:\Program Files\NetBeans-12.2\netbeans\platform\core\asm-tree-8.0.1.jar;C:\Program Files\NetBeans-12.2\netbeans\platform\core\core-base.jar;C:\Program Files\NetBeans-12.2\netbeans\platform\core\core.jar;C:\Program Files\NetBeans-12.2\netbeans\platform\core\org-netbeans-libs-asm.jar;C:\Program Files\NetBeans-12.2\netbeans\platform\core\org-openide-filesystems-compat8.jar;C:\Program Files\NetBeans-12.2\netbeans\platform\core\org-openide-filesystems.jar;C:\Program Files\NetBeans-12.2\netbeans\nb\core\org-netbeans-upgrader.jar;C:\Program Files\NetBeans-12.2\netbeans\nb\core\locale\core_nb.jar" />
    <property name="java.vm.specification.version" value="1.8" />
    <property name="plugin.manager.check.updates" value="false" />
    <property name="libs.primefaces.classpath" value="C:\Program Files\NetBeans-12.2\netbeans\enterprise\modules\ext\primefaces\primefaces-5.0.jar" />
    <property name="libs.javaee-api-6.0.classpath" value="C:\Program Files\NetBeans-12.2\netbeans\enterprise\modules\ext\javaee-api-6.0.jar" />
    <property name="libs.groovy-all.maven-pom" value="" />
    <property name="netbeans.productversion" value="Apache NetBeans IDE 12.2" />
    <property name="libs.jaxws21.src" value="" />
    <property name="do.war.package.with.custom.manifest" value="true" />
    <property name="libs.spring-webmvc5.0.classpath" value="C:\Program Files\NetBeans-12.2\netbeans\java\modules\ext\spring-5\spring-webmvc-5.2.9.RELEASE.jar" />
    <property name="netbeans.autoupdate.language" value="en" />
    <property name="java.vendor" value="Oracle Corporation" />
    <property name="libs.javaee-api-6.0.javadoc" value="C:\Program Files\NetBeans-12.2\netbeans\enterprise\docs\javaee-doc-api.jar" />
    <property name="javac.debug" value="true" />
    <property name="javadoc.splitindex" value="true" />
    <property name="file.separator" value="\" />
    <property name="libs.Java-EE-GlassFish-v3-Prelude.maven-pom" value="" />
    <property name="libs.junit_4.maven-pom" value="" />
    <property name="resource.dir" value="setup" />
    <property name="javac.test.processorpath" value="D:\Stu\2020-2021(N4)\K2\New folder\mssql-jdbc-9.2.1.jre8.jar:C:\Program Files\NetBeans-12.2\netbeans\platform\modules\ext\hamcrest-core-1.3.jar:C:\Program Files\NetBeans-12.2\netbeans\platform\modules\ext\junit-4.12.jar:build/web/WEB-INF/classes:C:\Program Files\NetBeans-12.2\netbeans\platform\modules\ext\junit-jupiter-api-5.6.0.jar;C:\Program Files\NetBeans-12.2\netbeans\platform\modules\ext\junit-jupiter-params-5.6.0.jar;C:\Program Files\NetBeans-12.2\netbeans\platform\modules\ext\junit-jupiter-engine-5.6.0.jar:C:\Program Files\NetBeans-12.2\netbeans\platform\modules\ext\hamcrest-core-1.3.jar:C:\Program Files\NetBeans-12.2\netbeans\platform\modules\ext\junit-4.12.jar" />
    <property name="netbeans.buildnumber" value="12.2-d73d3dd898acc440c460924dabf8ad5feb90369f" />
    <property name="libs.JWSAntTasks.javadoc" value="" />
    <property name="build.generated.sources.dir" value="build/generated-sources" />
    <property name="user.variant" value="" />
    <property name="libs.eclipselinkmodelgen.classpath" value="C:\Program Files\NetBeans-12.2\netbeans\java\modules\ext\eclipselink\org.eclipse.persistence.jpa.modelgen.processor-2.7.7.jar" />
    <property name="libs.javaee-endorsed-api-7.0.src" value="" />
    <property name="sun.java.launcher" value="SUN_STANDARD" />
    <property name="libs.jaxb.javadoc" value="C:\Program Files\NetBeans-12.2\netbeans\ide\docs\jaxb-api-doc.jar" />
    <property name="libs.struts.classpath" value="C:\Program Files\NetBeans-12.2\netbeans\enterprise\modules\ext\struts\antlr-2.7.2.jar;C:\Program Files\NetBeans-12.2\netbeans\enterprise\modules\ext\struts\bsf-2.3.0.jar;C:\Program Files\NetBeans-12.2\netbeans\enterprise\modules\ext\struts\commons-beanutils-1.8.0.jar;C:\Program Files\NetBeans-12.2\netbeans\enterprise\modules\ext\struts\commons-chain-1.2.jar;C:\Program Files\NetBeans-12.2\netbeans\enterprise\modules\ext\struts\commons-digester-1.8.jar;C:\Program Files\NetBeans-12.2\netbeans\enterprise\modules\ext\struts\commons-fileupload-1.1.1.jar;C:\Program Files\NetBeans-12.2\netbeans\enterprise\modules\ext\struts\commons-io-1.1.jar;C:\Program Files\NetBeans-12.2\netbeans\enterprise\modules\ext\struts\commons-logging-1.0.4.jar;C:\Program Files\NetBeans-12.2\netbeans\enterprise\modules\ext\struts\commons-validator-1.3.1.jar;C:\Program Files\NetBeans-12.2\netbeans\enterprise\modules\ext\struts\jstl-1.0.2.jar;C:\Program Files\NetBeans-12.2\netbeans\enterprise\modules\ext\struts\oro-2.0.8.jar;C:\Program Files\NetBeans-12.2\netbeans\enterprise\modules\ext\struts\standard-1.0.6.jar;C:\Program Files\NetBeans-12.2\netbeans\enterprise\modules\ext\struts\struts-core-1.3.10.jar;C:\Program Files\NetBeans-12.2\netbeans\enterprise\modules\ext\struts\struts-el-1.3.10.jar;C:\Program Files\NetBeans-12.2\netbeans\enterprise\modules\ext\struts\struts-extras-1.3.10.jar;C:\Program Files\NetBeans-12.2\netbeans\enterprise\modules\ext\struts\struts-faces-1.3.10.jar;C:\Program Files\NetBeans-12.2\netbeans\enterprise\modules\ext\struts\struts-mailreader-dao-1.3.10.jar;C:\Program Files\NetBeans-12.2\netbeans\enterprise\modules\ext\struts\struts-scripting-1.3.10.jar;C:\Program Files\NetBeans-12.2\netbeans\enterprise\modules\ext\struts\struts-taglib-1.3.10.jar;C:\Program Files\NetBeans-12.2\netbeans\enterprise\modules\ext\struts\struts-tiles-1.3.10.jar" />
    <property name="application.args.param" value="" />
    <property name="ant.home" value="C:\Program Files\NetBeans-12.2\netbeans\extide\ant" />
    <property name="libs.junit_4.src" value="C:\Program Files\NetBeans-12.2\netbeans\platform\docs\junit-4.12-sources.jar" />
    <property name="libs.testng.classpath" value="C:\Program Files\NetBeans-12.2\netbeans\platform\modules\ext\testng-6.14.3.jar;C:\Program Files\NetBeans-12.2\netbeans\platform\modules\ext\jcommander-1.78.jar" />
    <property name="conf.dir" value="src/conf" />
    <property name="webinf.dir" value="web/WEB-INF" />
    <property name="libs.absolutelayout.maven-pom" value="" />
    <property name="ant.java.version" value="15" />
    <property name="java.library.path" value="C:\Program Files\Java\jdk1.8.0_181\bin;C:\WINDOWS\Sun\Java\bin;C:\WINDOWS\system32;C:\WINDOWS;C:\Program Files (x86)\Common Files\Oracle\Java\javapath;C:\Program Files\Common Files\Oracle\Java\javapath;C:\Program Files\Microsoft MPI\Bin\;C:\Windows\system32;C:\Windows;C:\Windows\System32\Wbem;C:\Windows\System32\WindowsPowerShell\v1.0\;C:\Windows\System32\OpenSSH\;C:\Program Files (x86)\NVIDIA Corporation\PhysX\Common;C:\Program Files\NVIDIA Corporation\NVIDIA NvDLISR;C:\Program Files (x86)\Dev-Cpp\MinGW64\bin;C:\Program Files\dotnet\;C:\Program Files\Microsoft SQL Server\130\Tools\Binn\;C:\Program Files\Microsoft SQL Server\Client SDK\ODBC\170\Tools\Binn\;C:\WINDOWS\system32;C:\WINDOWS;C:\WINDOWS\System32\Wbem;C:\WINDOWS\System32\WindowsPowerShell\v1.0\;C:\WINDOWS\System32\OpenSSH\;C:\Program Files\Azure Data Studio\bin;C:\Program Files (x86)\Microsoft SQL Server\150\Tools\Binn\;C:\Program Files\Microsoft SQL Server\150\Tools\Binn\;C:\Program Files\Microsoft SQL Server\150\DTS\Binn\;C:\Program Files (x86)\Microsoft SQL Server\150\DTS\Binn\;C:\Program Files (x86)\dotnet\;D:\Ph?n m?m\apache-tomcat-9.0.44\bin;C:\Users\ASUS\AppData\Local\Programs\Python\Python38\Scripts\;C:\Users\ASUS\AppData\Local\Programs\Python\Python38\;C:\Users\ASUS\AppData\Local\Microsoft\WindowsApps;C:\Users\ASUS\AppData\Local\Programs\Microsoft VS Code\bin;C:\Users\ASUS\.dotnet\tools;C:\Program Files\Azure Data Studio\bin;." />
    <property name="javadoc.author" value="false" />
    <property name="libs.metro.maven-pom" value="" />
    <property name="libs.MyLibrary2.src" value="" />
    <property name="libs.EclipseLink-GlassFish-v3.src" value="" />
    <property name="java.util.logging.config.class" value="org.netbeans.core.startup.TopLogging" />
    <property name="libs.spring-framework400.src" value="" />
    <property name="libs.PostgreSQLDriver.src" value="" />
    <property name="libs.graaljs.javadoc" value="" />
    <property name="libs.spring-framework500.javadoc" value="" />
    <property name="libs.graaljs.src" value="" />
    <property name="sun.arch.data.model" value="64" />
    <property name="basedir" value="D:\Stu\2020-2021(N4)\K2\New folder\BTL_SQA\Shop" />
    <property name="libs.jpa20-persistence.maven-pom" value="" />
    <property name="jar.compress" value="false" />
    <property name="libs.javaee-web-api-7.0.classpath" value="C:\Program Files\NetBeans-12.2\netbeans\enterprise\modules\ext\javaee-web-api-7.0.jar" />
    <property name="libs.MyLibrary1.maven-pom" value="" />
    <property name="path.separator" value=";" />
    <property name="dist.war" value="dist/Shop.war" />
    <property name="libs.javaee-web-api-6.0.javadoc" value="C:\Program Files\NetBeans-12.2\netbeans\enterprise\docs\javaee-doc-api.jar" />
    <property name="ant.junit.enabletestlistenerevents" value="true" />
    <property name="platform.javac" value="C:\Program Files\Java\jdk1.8.0_181/bin/javac" />
    <property name="sun.io.unicode.encoding" value="UnicodeLittle" />
    <property name="libs.jaxws21.classpath" value="C:\Program Files\NetBeans-12.2\netbeans\ide\modules\ext\jaxb\jaxb-impl.jar;C:\Program Files\NetBeans-12.2\netbeans\ide\modules\ext\jaxb\jaxb-xjc.jar;C:\Program Files\NetBeans-12.2\netbeans\java\modules\ext\jaxws22\FastInfoset.jar;C:\Program Files\NetBeans-12.2\netbeans\java\modules\ext\jaxws22\gmbal-api-only.jar;C:\Program Files\NetBeans-12.2\netbeans\java\modules\ext\jaxws22\ha-api.jar;C:\Program Files\NetBeans-12.2\netbeans\java\modules\ext\jaxws22\javax.mail_1.4.jar;C:\Program Files\NetBeans-12.2\netbeans\java\modules\ext\jaxws22\jaxws-rt.jar;C:\Program Files\NetBeans-12.2\netbeans\java\modules\ext\jaxws22\jaxws-tools.jar;C:\Program Files\NetBeans-12.2\netbeans\java\modules\ext\jaxws22\management-api.jar;C:\Program Files\NetBeans-12.2\netbeans\java\modules\ext\jaxws22\mimepull.jar;C:\Program Files\NetBeans-12.2\netbeans\java\modules\ext\jaxws22\policy.jar;C:\Program Files\NetBeans-12.2\netbeans\java\modules\ext\jaxws22\saaj-impl.jar;C:\Program Files\NetBeans-12.2\netbeans\java\modules\ext\jaxws22\stax-ex.jar;C:\Program Files\NetBeans-12.2\netbeans\java\modules\ext\jaxws22\stax2-api.jar;C:\Program Files\NetBeans-12.2\netbeans\java\modules\ext\jaxws22\streambuffer.jar;C:\Program Files\NetBeans-12.2\netbeans\java\modules\ext\jaxws22\woodstox-core-asl.jar;C:\Program Files\NetBeans-12.2\netbeans\java\modules\ext\jaxws22\api\jaxws-api.jar;C:\Program Files\NetBeans-12.2\netbeans\java\modules\ext\jaxws22\api\jsr181-api.jar;C:\Program Files\NetBeans-12.2\netbeans\java\modules\ext\jaxws22\api\javax.annotation.jar;C:\Program Files\NetBeans-12.2\netbeans\java\modules\ext\jaxws22\api\saaj-api.jar;C:\Program Files\NetBeans-12.2\netbeans\ide\modules\ext\jaxb\activation.jar;C:\Program Files\NetBeans-12.2\netbeans\ide\modules\ext\jaxb\api\jaxb-api.jar" />
    <property name="libs.struts.src" value="" />
    <property name="apple.awt.graphics.UseQuartz" value="true" />
    <property name="user.language" value="en" />
    <property name="j2ee.platform.classpath" value="C:/Users/ASUS/GlassFish_Server2/glassfish/modules/bean-validator.jar:C:/Users/ASUS/GlassFish_Server2/glassfish/modules/cdi-api.jar:C:/Users/ASUS/GlassFish_Server2/glassfish/modules/endorsed/javax.annotation-api.jar:C:/Users/ASUS/GlassFish_Server2/glassfish/modules/endorsed/jaxb-api.jar:C:/Users/ASUS/GlassFish_Server2/glassfish/modules/endorsed/webservices-api-osgi.jar:C:/Users/ASUS/GlassFish_Server2/glassfish/modules/javax.batch-api.jar:C:/Users/ASUS/GlassFish_Server2/glassfish/modules/javax.ejb-api.jar:C:/Users/ASUS/GlassFish_Server2/glassfish/modules/javax.el.jar:C:/Users/ASUS/GlassFish_Server2/glassfish/modules/javax.enterprise.concurrent-api.jar:C:/Users/ASUS/GlassFish_Server2/glassfish/modules/javax.enterprise.concurrent.jar:C:/Users/ASUS/GlassFish_Server2/glassfish/modules/javax.enterprise.deploy-api.jar:C:/Users/ASUS/GlassFish_Server2/glassfish/modules/javax.faces.jar:C:/Users/ASUS/GlassFish_Server2/glassfish/modules/javax.inject.jar:C:/Users/ASUS/GlassFish_Server2/glassfish/modules/javax.interceptor-api.jar:C:/Users/ASUS/GlassFish_Server2/glassfish/modules/javax.jms-api.jar:C:/Users/ASUS/GlassFish_Server2/glassfish/modules/javax.json.jar:C:/Users/ASUS/GlassFish_Server2/glassfish/modules/javax.mail.jar:C:/Users/ASUS/GlassFish_Server2/glassfish/modules/javax.management.j2ee-api.jar:C:/Users/ASUS/GlassFish_Server2/glassfish/modules/javax.persistence.jar:C:/Users/ASUS/GlassFish_Server2/glassfish/modules/javax.resource-api.jar:C:/Users/ASUS/GlassFish_Server2/glassfish/modules/javax.security.auth.message-api.jar:C:/Users/ASUS/GlassFish_Server2/glassfish/modules/javax.security.jacc-api.jar:C:/Users/ASUS/GlassFish_Server2/glassfish/modules/javax.servlet-api.jar:C:/Users/ASUS/GlassFish_Server2/glassfish/modules/javax.servlet.jsp-api.jar:C:/Users/ASUS/GlassFish_Server2/glassfish/modules/javax.servlet.jsp.jar:C:/Users/ASUS/GlassFish_Server2/glassfish/modules/javax.servlet.jsp.jstl-api.jar:C:/Users/ASUS/GlassFish_Server2/glassfish/modules/javax.servlet.jsp.jstl.jar:C:/Users/ASUS/GlassFish_Server2/glassfish/modules/javax.transaction-api.jar:C:/Users/ASUS/GlassFish_Server2/glassfish/modules/javax.websocket-api.jar:C:/Users/ASUS/GlassFish_Server2/glassfish/modules/javax.ws.rs-api.jar:C:/Users/ASUS/GlassFish_Server2/glassfish/modules/javax.xml.registry-api.jar:C:/Users/ASUS/GlassFish_Server2/glassfish/modules/javax.xml.rpc-api.jar:C:/Users/ASUS/GlassFish_Server2/glassfish/modules/jaxb-osgi.jar:C:/Users/ASUS/GlassFish_Server2/glassfish/modules/webservices-osgi.jar:C:/Users/ASUS/GlassFish_Server2/glassfish/modules/weld-osgi-bundle.jar:C:/Users/ASUS/GlassFish_Server2/mq/lib/jaxm-api.jar" />
    <property name="testng.mode" value="testng" />
    <property name="libs.JAXB-ENDORSED.maven-pom" value="" />
    <property name="libs.eclipselink.maven-pom" value="" />
    <property name="build.meta.inf.dir" value="build/web/META-INF" />
    <property name="org.netbeans.io.suspend" value="0" />
    <property name="persistence.xml.dir" value="src/conf" />
    <property name="test.binaryincludes" value="&lt;nothing&gt;" />
    <property name="libs.primefaces.javadoc" value="" />
    <property name="libs.spring-framework300.maven-pom" value="" />
    <property name="run.test.classpath" value="D:\Stu\2020-2021(N4)\K2\New folder\mssql-jdbc-9.2.1.jre8.jar:C:\Program Files\NetBeans-12.2\netbeans\platform\modules\ext\hamcrest-core-1.3.jar:C:\Program Files\NetBeans-12.2\netbeans\platform\modules\ext\junit-4.12.jar:build/web/WEB-INF/classes:C:\Program Files\NetBeans-12.2\netbeans\platform\modules\ext\junit-jupiter-api-5.6.0.jar;C:\Program Files\NetBeans-12.2\netbeans\platform\modules\ext\junit-jupiter-params-5.6.0.jar;C:\Program Files\NetBeans-12.2\netbeans\platform\modules\ext\junit-jupiter-engine-5.6.0.jar:C:\Program Files\NetBeans-12.2\netbeans\platform\modules\ext\hamcrest-core-1.3.jar:C:\Program Files\NetBeans-12.2\netbeans\platform\modules\ext\junit-4.12.jar:build/test/classes" />
    <property name="ant.project.invoked-targets" value="test-single" />
    <property name="test.binaryexcludes" value="" />
    <property name="sun.java2d.dpiaware" value="true" />
    <property name="libs.MyLibrary1.src" value="" />
    <property name="jspc.schemas" value="/resources/schemas/" />
    <property name="https.nonProxyHosts" value="localhost|127.0.0.1|LAPTOP-FRHINHLE" />
    <property name="libs.PostgreSQLDriver.maven-pom" value="" />
    <property name="java.class.version" value="52.0" />
    <property name="libs.JAVADB_DRIVER_LABEL.classpath" value="C:\Users\ASUS\GlassFish_Server\javadb\lib\derby.jar;C:\Users\ASUS\GlassFish_Server\javadb\lib\derbyclient.jar;C:\Users\ASUS\GlassFish_Server\javadb\lib\derbynet.jar" />
    <property name="libs.javaee-endorsed-api-6.0.src" value="" />
    <property name="libs.eclipselink.javadoc" value="C:\Program Files\NetBeans-12.2\netbeans\java\modules\ext\docs\javax.persistence-2.2.1-doc.zip" />
    <property name="platforms.JDK_1.8.compiler" value="modern" />
    <property name="libs.jsp-compilation.maven-pom" value="" />
    <property name="user.properties.file" value="C:\Users\ASUS\AppData\Roaming\NetBeans\12.2\build.properties" />
    <property name="build.web.dir" value="build/web" />
    <property name="file.encoding.pkg" value="sun.io" />
    <property name="sun.cpu.endian" value="little" />
    <property name="libs.JAXB-ENDORSED.javadoc" value="" />
    <property name="j2ee.server.middleware" value="C:/Users/ASUS/GlassFish_Server2" />
    <property name="libs.JWSAntTasks.classpath" value="C:\Program Files\NetBeans-12.2\netbeans\java\ant\extra\org-netbeans-modules-javawebstart-anttasks.jar" />
    <property name="ant.file.type.Shop" value="file" />
    <property name="libs.spring-webmvc4.0.maven-pom" value="" />
    <property name="libs.spring-framework300.src" value="" />
    <property name="libs.jstl.src" value="" />
    <property name="empty.dir" value="D:\Stu\2020-2021(N4)\K2\New folder\BTL_SQA\Shop\build\empty" />
    <property name="display.browser" value="true" />
    <property name="test.binarytestincludes" value="" />
    <property name="javadoc.preview" value="true" />
    <property name="libs.jpa20-persistence.javadoc" value="C:\Program Files\NetBeans-12.2\netbeans\java\modules\ext\docs\javax.persistence-2.2.1-doc.zip" />
    <property name="java.home" value="C:\Program Files\Java\jdk1.8.0_181\jre" />
    <property name="libs.jsp-compilation.src" value="" />
    <property name="libs.jakartaee-web-api-8.0.javadoc" value="C:\Program Files\NetBeans-12.2\netbeans\enterprise\docs\jakartaee8-doc-api.jar" />
    <property name="debug.test.classpath" value="D:\Stu\2020-2021(N4)\K2\New folder\mssql-jdbc-9.2.1.jre8.jar:C:\Program Files\NetBeans-12.2\netbeans\platform\modules\ext\hamcrest-core-1.3.jar:C:\Program Files\NetBeans-12.2\netbeans\platform\modules\ext\junit-4.12.jar:build/web/WEB-INF/classes:C:\Program Files\NetBeans-12.2\netbeans\platform\modules\ext\junit-jupiter-api-5.6.0.jar;C:\Program Files\NetBeans-12.2\netbeans\platform\modules\ext\junit-jupiter-params-5.6.0.jar;C:\Program Files\NetBeans-12.2\netbeans\platform\modules\ext\junit-jupiter-engine-5.6.0.jar:C:\Program Files\NetBeans-12.2\netbeans\platform\modules\ext\hamcrest-core-1.3.jar:C:\Program Files\NetBeans-12.2\netbeans\platform\modules\ext\junit-4.12.jar:build/test/classes" />
    <property name="libs.javaee-endorsed-api-6.0.classpath" value="C:\Program Files\NetBeans-12.2\netbeans\enterprise\modules\ext\javaee6-endorsed\javax.annotation.jar;C:\Program Files\NetBeans-12.2\netbeans\enterprise\modules\ext\javaee6-endorsed\jaxb-api-osgi.jar;C:\Program Files\NetBeans-12.2\netbeans\enterprise\modules\ext\javaee6-endorsed\webservices-api-osgi.jar" />
    <property name="libs.javaee-api-6.0.src" value="" />
    <property name="netbeans.importclass" value="org.netbeans.upgrade.AutoUpgrade" />
    <property name="ant.project.default-target" value="default" />
    <property name="annotation.processing.run.all.processors" value="true" />
    <property name="libs.MyLibrary.classpath" value="C:\Users\ASUS\GlassFish_Server1\glassfish\modules\acc-config.jar;C:\Users\ASUS\GlassFish_Server1\glassfish\modules\admin-cli.jar;C:\Users\ASUS\GlassFish_Server1\glassfish\modules\admin-core.jar;C:\Users\ASUS\GlassFish_Server1\glassfish\modules\admin-util.jar;C:\Users\ASUS\GlassFish_Server1\glassfish\modules\amx-core.jar;C:\Users\ASUS\GlassFish_Server1\glassfish\modules\amx-javaee.jar;C:\Users\ASUS\GlassFish_Server1\glassfish\modules\annotation-framework.jar;C:\Users\ASUS\GlassFish_Server1\glassfish\modules\ant.jar;C:\Users\ASUS\GlassFish_Server1\glassfish\modules\antlr.jar;C:\Users\ASUS\GlassFish_Server1\glassfish\modules\aopalliance-repackaged.jar;C:\Users\ASUS\GlassFish_Server1\glassfish\modules\api-exporter.jar;C:\Users\ASUS\GlassFish_Server1\glassfish\modules\appclient-connector.jar;C:\Users\ASUS\GlassFish_Server1\glassfish\modules\appclient-server-core.jar;C:\Users\ASUS\GlassFish_Server1\glassfish\modules\appclient.security.jar;C:\Users\ASUS\GlassFish_Server1\glassfish\modules\asm-all.jar;C:\Users\ASUS\GlassFish_Server1\glassfish\modules\asm-repackaged.jar;C:\Users\ASUS\GlassFish_Server1\glassfish\modules\backup.jar;C:\Users\ASUS\GlassFish_Server1\glassfish\modules\bean-validator-cdi.jar;C:\Users\ASUS\GlassFish_Server1\glassfish\modules\bean-validator.jar;C:\Users\ASUS\GlassFish_Server1\glassfish\modules\cdi-api-fragment.jar;C:\Users\ASUS\GlassFish_Server1\glassfish\modules\cdi-api.jar;C:\Users\ASUS\GlassFish_Server1\glassfish\modules\class-model.jar;C:\Users\ASUS\GlassFish_Server1\glassfish\modules\classmate.jar;C:\Users\ASUS\GlassFish_Server1\glassfish\modules\cluster-admin.jar;C:\Users\ASUS\GlassFish_Server1\glassfish\modules\cluster-common.jar;C:\Users\ASUS\GlassFish_Server1\glassfish\modules\cluster-ssh.jar;C:\Users\ASUS\GlassFish_Server1\glassfish\modules\cmp-ejb-mapping.jar;C:\Users\ASUS\GlassFish_Server1\glassfish\modules\cmp-enhancer.jar" />
    <property name="libs.PostgreSQLDriver.javadoc" value="" />
    <property name="libs.restlib.classpath" value="C:\Program Files\NetBeans-12.2\netbeans\enterprise\modules\ext\jersey2\ext\asm-all-repackaged-2.2.0-b21.jar;C:\Program Files\NetBeans-12.2\netbeans\enterprise\modules\ext\jersey2\ext\cglib-2.2.0-b21.jar;C:\Program Files\NetBeans-12.2\netbeans\enterprise\modules\ext\jersey2\ext\guava-14.0.1.jar;C:\Program Files\NetBeans-12.2\netbeans\enterprise\modules\ext\jersey2\ext\hk2-api-2.2.0-b21.jar;C:\Program Files\NetBeans-12.2\netbeans\enterprise\modules\ext\jersey2\ext\hk2-locator-2.2.0-b21.jar;C:\Program Files\NetBeans-12.2\netbeans\enterprise\modules\ext\jersey2\ext\hk2-utils-2.2.0-b21.jar;C:\Program Files\NetBeans-12.2\netbeans\enterprise\modules\ext\jersey2\ext\javax.annotation-api-1.2.jar;C:\Program Files\NetBeans-12.2\netbeans\enterprise\modules\ext\jersey2\ext\javax.inject-2.2.0-b21.jar;C:\Program Files\NetBeans-12.2\netbeans\enterprise\modules\ext\jersey2\ext\javax.servlet-api-3.0.1.jar;C:\Program Files\NetBeans-12.2\netbeans\enterprise\modules\ext\jersey2\ext\jaxb-api-2.2.7.jar;C:\Program Files\NetBeans-12.2\netbeans\enterprise\modules\ext\jersey2\ext\jersey-entity-filtering-2.5.1.jar;C:\Program Files\NetBeans-12.2\netbeans\enterprise\modules\ext\jersey2\ext\jersey-media-moxy-2.5.1.jar;C:\Program Files\NetBeans-12.2\netbeans\enterprise\modules\ext\jersey2\ext\org.osgi.core-4.2.0.jar;C:\Program Files\NetBeans-12.2\netbeans\enterprise\modules\ext\jersey2\ext\osgi-resource-locator-1.0.1.jar;C:\Program Files\NetBeans-12.2\netbeans\enterprise\modules\ext\jersey2\ext\persistence-api-1.0.jar;C:\Program Files\NetBeans-12.2\netbeans\enterprise\modules\ext\jersey2\ext\validation-api-1.1.0.Final.jar;C:\Program Files\NetBeans-12.2\netbeans\enterprise\modules\ext\jersey2\jersey-client.jar;C:\Program Files\NetBeans-12.2\netbeans\enterprise\modules\ext\jersey2\jersey-common.jar;C:\Program Files\NetBeans-12.2\netbeans\enterprise\modules\ext\jersey2\jersey-container-servlet.jar;C:\Program Files\NetBeans-12.2\netbeans\enterprise\modules\ext\jersey2\jersey-container-servlet-core.jar;C:\Program Files\NetBeans-12.2\netbeans\enterprise\modules\ext\jersey2\jersey-server.jar;C:\Program Files\NetBeans-12.2\netbeans\java\modules\ext\eclipselink\org.eclipse.persistence.core-2.7.7.jar;C:\Program Files\NetBeans-12.2\netbeans\java\modules\ext\eclipselink\org.eclipse.persistence.asm-2.7.7.jar;C:\Program Files\NetBeans-12.2\netbeans\java\modules\ext\eclipselink\org.eclipse.persistence.antlr-2.7.7.jar;C:\Program Files\NetBeans-12.2\netbeans\java\modules\ext\eclipselink\org.eclipse.persistence.jpa-2.7.7.jar;C:\Program Files\NetBeans-12.2\netbeans\java\modules\ext\eclipselink\org.eclipse.persistence.jpa.jpql-2.7.7.jar;C:\Program Files\NetBeans-12.2\netbeans\java\modules\ext\eclipselink\org.eclipse.persistence.moxy-2.7.7.jar" />
    <property name="j2ee.platform.wsgen.classpath" value="C:/Users/ASUS/GlassFish_Server2/glassfish/modules/webservices-osgi.jar:C:/Users/ASUS/GlassFish_Server2/glassfish/modules/endorsed/webservices-api-osgi.jar:C:/Users/ASUS/GlassFish_Server2/glassfish/modules/jaxb-osgi.jar:C:/Users/ASUS/GlassFish_Server2/glassfish/modules/endorsed/jaxb-api.jar" />
    <property name="netbeans.extbrowser.manual_chrome_plugin_install" value="yes" />
    <property name="http.nonProxyHosts" value="localhost|127.0.0.1|LAPTOP-FRHINHLE" />
    <property name="libs.junit_4.javadoc" value="C:\Program Files\NetBeans-12.2\netbeans\platform\docs\junit-4.12-javadoc.jar" />
    <property name="platforms.JDK_1.8.bootclasspath" value="C:\Program Files\Java\jdk1.8.0_181\jre\lib\resources.jar;C:\Program Files\Java\jdk1.8.0_181\jre\lib\rt.jar;C:\Program Files\Java\jdk1.8.0_181\jre\lib\sunrsasign.jar;C:\Program Files\Java\jdk1.8.0_181\jre\lib\jsse.jar;C:\Program Files\Java\jdk1.8.0_181\jre\lib\jce.jar;C:\Program Files\Java\jdk1.8.0_181\jre\lib\charsets.jar;C:\Program Files\Java\jdk1.8.0_181\jre\lib\jfr.jar;C:\Program Files\Java\jdk1.8.0_181\jre\classes;C:\Program Files\Java\jdk1.8.0_181\jre\lib\ext\access-bridge-64.jar;C:\Program Files\Java\jdk1.8.0_181\jre\lib\ext\cldrdata.jar;C:\Program Files\Java\jdk1.8.0_181\jre\lib\ext\dnsns.jar;C:\Program Files\Java\jdk1.8.0_181\jre\lib\ext\jaccess.jar;C:\Program Files\Java\jdk1.8.0_181\jre\lib\ext\jfxrt.jar;C:\Program Files\Java\jdk1.8.0_181\jre\lib\ext\localedata.jar;C:\Program Files\Java\jdk1.8.0_181\jre\lib\ext\nashorn.jar;C:\Program Files\Java\jdk1.8.0_181\jre\lib\ext\sunec.jar;C:\Program Files\Java\jdk1.8.0_181\jre\lib\ext\sunjce_provider.jar;C:\Program Files\Java\jdk1.8.0_181\jre\lib\ext\sunmscapi.jar;C:\Program Files\Java\jdk1.8.0_181\jre\lib\ext\sunpkcs11.jar;C:\Program Files\Java\jdk1.8.0_181\jre\lib\ext\zipfs.jar" />
    <property name="libs.EclipseLink-GlassFish-v3.maven-pom" value="" />
    <property name="libs.javaee-web-api-6.0.maven-pom" value="" />
    <property name="j2ee.deploy.on.save" value="false" />
    <property name="jna.boot.library.name" value="jnidispatch-nb" />
    <property name="libs.javaee-endorsed-api-6.0.javadoc" value="C:\Program Files\NetBeans-12.2\netbeans\enterprise\docs\javaee-doc-api.jar" />
    <property name="libs.javaee-api-7.0.classpath" value="C:\Program Files\NetBeans-12.2\netbeans\enterprise\modules\ext\javaee-api-7.0.jar" />
    <property name="sun.awt.datatransfer.timeout" value="1000" />
    <property name="libs.spring-webmvc3.0.javadoc" value="" />
    <property name="annotation.processing.enabled.in.editor" value="true" />
    <property name="nb.native.filechooser" value="false" />
    <property name="libs.restapi.src" value="" />
    <property name="sun.management.compiler" value="HotSpot 64-Bit Tiered Compilers" />
    <property name="javac.deprecation" value="false" />
    <property name="javadoc.use" value="true" />
    <property name="client.urlPart" value="" />
    <property name="sun.java2d.noddraw" value="true" />
    <property name="libs.jsp-compiler.classpath" value="C:\Program Files\NetBeans-12.2\netbeans\enterprise\ant\extra\jspcompile.jar" />
    <property name="dist.ear.war" value="dist/Shop.war" />
    <property name="javac.processorpath" value="D:\Stu\2020-2021(N4)\K2\New folder\mssql-jdbc-9.2.1.jre8.jar:C:\Program Files\NetBeans-12.2\netbeans\platform\modules\ext\hamcrest-core-1.3.jar:C:\Program Files\NetBeans-12.2\netbeans\platform\modules\ext\junit-4.12.jar" />
    <property name="libs.hamcrest.maven-pom" value="" />
    <property name="libs.junit_5.classpath" value="C:\Program Files\NetBeans-12.2\netbeans\platform\modules\ext\junit-jupiter-api-5.6.0.jar;C:\Program Files\NetBeans-12.2\netbeans\platform\modules\ext\junit-jupiter-params-5.6.0.jar;C:\Program Files\NetBeans-12.2\netbeans\platform\modules\ext\junit-jupiter-engine-5.6.0.jar" />
    <property name="javac.compilerargs" value="" />
    <property name="ant.file" value="D:\Stu\2020-2021(N4)\K2\New folder\BTL_SQA\Shop\build.xml" />
    <property name="libs.jsf12.classpath" value="C:\Program Files\NetBeans-12.2\netbeans\enterprise\modules\ext\jsf-1_2\jsf-api.jar;C:\Program Files\NetBeans-12.2\netbeans\enterprise\modules\ext\jsf-1_2\jsf-impl.jar" />
    <property name="libs.Java-EE-GlassFish-v3-Prelude.classpath" value="C:\Users\ASUS\GlassFish_Server2\glassfish\modules\endorsed\javax.annotation-api.jar;C:\Users\ASUS\GlassFish_Server2\glassfish\modules\endorsed\jaxb-api.jar;C:\Users\ASUS\GlassFish_Server2\glassfish\modules\endorsed\webservices-api-osgi.jar;C:\Users\ASUS\GlassFish_Server2\glassfish\modules\bean-validator.jar;C:\Users\ASUS\GlassFish_Server2\glassfish\modules\cdi-api.jar;C:\Users\ASUS\GlassFish_Server2\glassfish\modules\javax.batch-api.jar;C:\Users\ASUS\GlassFish_Server2\glassfish\modules\javax.ejb-api.jar;C:\Users\ASUS\GlassFish_Server2\glassfish\modules\javax.el.jar;C:\Users\ASUS\GlassFish_Server2\glassfish\modules\javax.enterprise.concurrent-api.jar;C:\Users\ASUS\GlassFish_Server2\glassfish\modules\javax.enterprise.concurrent.jar;C:\Users\ASUS\GlassFish_Server2\glassfish\modules\javax.enterprise.deploy-api.jar;C:\Users\ASUS\GlassFish_Server2\glassfish\modules\javax.faces.jar;C:\Users\ASUS\GlassFish_Server2\glassfish\modules\javax.inject.jar;C:\Users\ASUS\GlassFish_Server2\glassfish\modules\javax.interceptor-api.jar;C:\Users\ASUS\GlassFish_Server2\glassfish\modules\javax.jms-api.jar;C:\Users\ASUS\GlassFish_Server2\glassfish\modules\javax.json.jar;C:\Users\ASUS\GlassFish_Server2\glassfish\modules\javax.mail.jar;C:\Users\ASUS\GlassFish_Server2\glassfish\modules\javax.management.j2ee-api.jar;C:\Users\ASUS\GlassFish_Server2\glassfish\modules\javax.persistence.jar;C:\Users\ASUS\GlassFish_Server2\glassfish\modules\javax.resource-api.jar;C:\Users\ASUS\GlassFish_Server2\glassfish\modules\javax.security.auth.message-api.jar;C:\Users\ASUS\GlassFish_Server2\glassfish\modules\javax.security.jacc-api.jar;C:\Users\ASUS\GlassFish_Server2\glassfish\modules\javax.servlet-api.jar;C:\Users\ASUS\GlassFish_Server2\glassfish\modules\javax.servlet.jsp-api.jar;C:\Users\ASUS\GlassFish_Server2\glassfish\modules\javax.servlet.jsp.jar;C:\Users\ASUS\GlassFish_Server2\glassfish\modules\javax.servlet.jsp.jstl-api.jar;C:\Users\ASUS\GlassFish_Server2\glassfish\modules\javax.servlet.jsp.jstl.jar;C:\Users\ASUS\GlassFish_Server2\glassfish\modules\javax.transaction-api.jar;C:\Users\ASUS\GlassFish_Server2\glassfish\modules\javax.websocket-api.jar;C:\Users\ASUS\GlassFish_Server2\glassfish\modules\javax.ws.rs-api.jar;C:\Users\ASUS\GlassFish_Server2\glassfish\modules\javax.xml.registry-api.jar;C:\Users\ASUS\GlassFish_Server2\glassfish\modules\javax.xml.rpc-api.jar;C:\Users\ASUS\GlassFish_Server2\glassfish\modules\jaxb-osgi.jar;C:\Users\ASUS\GlassFish_Server2\glassfish\modules\webservices-osgi.jar;C:\Users\ASUS\GlassFish_Server2\glassfish\modules\weld-osgi-bundle.jar;C:\Users\ASUS\GlassFish_Server2\mq\lib\jaxm-api.jar" />
    <property name="has.custom.manifest" value="true" />
    <property name="libs.jstl.maven-pom" value="" />
    <property name="libs.restapi.maven-pom" value="" />
    <property name="java.vm.specification.vendor" value="Oracle Corporation" />
    <property name="org.openide.major.version" value="IDE/1" />
    <property name="java.vm.name" value="Java HotSpot(TM) 64-Bit Server VM" />
    <property name="do.display.browser.debug" value="true" />
    <property name="netbeans.user" value="C:\Users\ASUS\AppData\Roaming\NetBeans\12.2" />
    <property name="javadoc.additionalparam" value="" />
    <property name="java.io.tmpdir" value="C:\Users\ASUS\AppData\Local\Temp\" />
    <property name="java.vendor.url" value="http://java.oracle.com/" />
    <property name="endorsed.classpath.cmd.line.arg" value="-Xbootclasspath/p:&apos;C:\Program Files\NetBeans-12.2\netbeans\enterprise\modules\ext\javaee7-endorsed\javax.annotation-api.jar;C:\Program Files\NetBeans-12.2\netbeans\enterprise\modules\ext\javaee7-endorsed\javax.xml.soap-api.jar;C:\Program Files\NetBeans-12.2\netbeans\enterprise\modules\ext\javaee7-endorsed\jaxb-api-osgi.jar;C:\Program Files\NetBeans-12.2\netbeans\enterprise\modules\ext\javaee7-endorsed\jaxws-api.jar;C:\Program Files\NetBeans-12.2\netbeans\enterprise\modules\ext\javaee7-endorsed\jsr181-api.jar&apos;" />
    <property name="jna.loaded" value="true" />
    <property name="junit.available" value="true" />
    <property name="j2ee.platform.wsit.classpath" value="" />
    <property name="libs.MyLibrary2.classpath" value="C:\Users\ASUS\GlassFish_Server1\glassfish\modules\acc-config.jar;C:\Users\ASUS\GlassFish_Server1\glassfish\modules\admin-cli.jar;C:\Users\ASUS\GlassFish_Server1\glassfish\modules\admin-core.jar;C:\Users\ASUS\GlassFish_Server1\glassfish\modules\admin-util.jar;C:\Users\ASUS\GlassFish_Server1\glassfish\modules\amx-core.jar;C:\Users\ASUS\GlassFish_Server1\glassfish\modules\amx-javaee.jar;C:\Users\ASUS\GlassFish_Server1\glassfish\modules\annotation-framework.jar;C:\Users\ASUS\GlassFish_Server1\glassfish\modules\ant.jar;C:\Users\ASUS\GlassFish_Server1\glassfish\modules\antlr-repackaged.jar;C:\Users\ASUS\GlassFish_Server1\glassfish\modules\antlr.jar;C:\Users\ASUS\GlassFish_Server1\glassfish\modules\aopalliance-repackaged.jar;C:\Users\ASUS\GlassFish_Server1\glassfish\modules\api-exporter.jar;C:\Users\ASUS\GlassFish_Server1\glassfish\modules\appclient-connector.jar;C:\Users\ASUS\GlassFish_Server1\glassfish\modules\appclient-server-core.jar;C:\Users\ASUS\GlassFish_Server1\glassfish\modules\appclient.security.jar;C:\Users\ASUS\GlassFish_Server1\glassfish\modules\asm-all-repackaged.jar;C:\Users\ASUS\GlassFish_Server1\glassfish\modules\asm-all.jar;C:\Users\ASUS\GlassFish_Server1\glassfish\modules\asm-repackaged.jar;C:\Users\ASUS\GlassFish_Server1\glassfish\modules\backup.jar;C:\Users\ASUS\GlassFish_Server1\glassfish\modules\bean-validator-cdi.jar;C:\Users\ASUS\GlassFish_Server1\glassfish\modules\bean-validator.jar;C:\Users\ASUS\GlassFish_Server1\glassfish\modules\cdi-api-fragment.jar;C:\Users\ASUS\GlassFish_Server1\glassfish\modules\cdi-api.jar;C:\Users\ASUS\GlassFish_Server1\glassfish\modules\class-model.jar;C:\Users\ASUS\GlassFish_Server1\glassfish\modules\classmate.jar;C:\Users\ASUS\GlassFish_Server1\glassfish\modules\cluster-admin.jar;C:\Users\ASUS\GlassFish_Server1\glassfish\modules\cluster-common.jar;C:\Users\ASUS\GlassFish_Server1\glassfish\modules\cluster-ssh.jar;C:\Users\ASUS\GlassFish_Server1\glassfish\modules\cmp-ejb-mapping.jar;C:\Users\ASUS\GlassFish_Server1\glassfish\modules\cmp-enhancer.jar;C:\Users\ASUS\GlassFish_Server1\glassfish\modules\cmp-generator-database.jar;C:\Users\ASUS\GlassFish_Server1\glassfish\modules\cmp-internal-api.jar;C:\Users\ASUS\GlassFish_Server1\glassfish\modules\cmp-model.jar;C:\Users\ASUS\GlassFish_Server1\glassfish\modules\cmp-support-ejb.jar;C:\Users\ASUS\GlassFish_Server1\glassfish\modules\cmp-support-sqlstore.jar;C:\Users\ASUS\GlassFish_Server1\glassfish\modules\cmp-utility.jar;C:\Users\ASUS\GlassFish_Server1\glassfish\modules\com.ibm.jbatch-ri-spi.jar;C:\Users\ASUS\GlassFish_Server1\glassfish\modules\com.ibm.jbatch-runtime-all.jar;C:\Users\ASUS\GlassFish_Server1\glassfish\modules\com.ibm.jbatch.container.jar;C:\Users\ASUS\GlassFish_Server1\glassfish\modules\com.ibm.jbatch.spi.jar;C:\Users\ASUS\GlassFish_Server1\glassfish\modules\common-util.jar;C:\Users\ASUS\GlassFish_Server1\glassfish\modules\concurrent-connector.jar;C:\Users\ASUS\GlassFish_Server1\glassfish\modules\concurrent-impl.jar;C:\Users\ASUS\GlassFish_Server1\glassfish\modules\config-api.jar;C:\Users\ASUS\GlassFish_Server1\glassfish\modules\config-types.jar;C:\Users\ASUS\GlassFish_Server1\glassfish\modules\connectors-admin.jar;C:\Users\ASUS\GlassFish_Server1\glassfish\modules\connectors-inbound-runtime.jar;C:\Users\ASUS\GlassFish_Server1\glassfish\modules\connectors-internal-api.jar;C:\Users\ASUS\GlassFish_Server1\glassfish\modules\connectors-runtime.jar;C:\Users\ASUS\GlassFish_Server1\glassfish\modules\console-cluster-plugin.jar;C:\Users\ASUS\GlassFish_Server1\glassfish\modules\console-common-full-plugin.jar;C:\Users\ASUS\GlassFish_Server1\glassfish\modules\console-common.jar;C:\Users\ASUS\GlassFish_Server1\glassfish\modules\console-community-branding-plugin.jar;C:\Users\ASUS\GlassFish_Server1\glassfish\modules\console-concurrent-plugin.jar;C:\Users\ASUS\GlassFish_Server1\glassfish\modules\console-corba-plugin.jar;C:\Users\ASUS\GlassFish_Server1\glassfish\modules\console-ejb-lite-plugin.jar;C:\Users\ASUS\GlassFish_Server1\glassfish\modules\console-ejb-plugin.jar;C:\Users\ASUS\GlassFish_Server1\glassfish\modules\console-jca-plugin.jar;C:\Users\ASUS\GlassFish_Server1\glassfish\modules\console-jdbc-plugin.jar;C:\Users\ASUS\GlassFish_Server1\glassfish\modules\console-jms-plugin.jar;C:\Users\ASUS\GlassFish_Server1\glassfish\modules\console-jts-plugin.jar;C:\Users\ASUS\GlassFish_Server1\glassfish\modules\console-plugin-service.jar;C:\Users\ASUS\GlassFish_Server1\glassfish\modules\console-updatecenter-plugin.jar;C:\Users\ASUS\GlassFish_Server1\glassfish\modules\console-web-plugin.jar;C:\Users\ASUS\GlassFish_Server1\glassfish\modules\container-common.jar;C:\Users\ASUS\GlassFish_Server1\glassfish\modules\core.jar;C:\Users\ASUS\GlassFish_Server1\glassfish\modules\dataprovider.jar;C:\Users\ASUS\GlassFish_Server1\glassfish\modules\dbschema-repackaged.jar;C:\Users\ASUS\GlassFish_Server1\glassfish\modules\dbschema.jar;C:\Users\ASUS\GlassFish_Server1\glassfish\modules\deployment-admin.jar;C:\Users\ASUS\GlassFish_Server1\glassfish\modules\deployment-autodeploy.jar;C:\Users\ASUS\GlassFish_Server1\glassfish\modules\deployment-client.jar;C:\Users\ASUS\GlassFish_Server1\glassfish\modules\deployment-common.jar;C:\Users\ASUS\GlassFish_Server1\glassfish\modules\deployment-javaee-core.jar;C:\Users\ASUS\GlassFish_Server1\glassfish\modules\deployment-javaee-full.jar;C:\Users\ASUS\GlassFish_Server1\glassfish\modules\dol.jar;C:\Users\ASUS\GlassFish_Server1\glassfish\modules\ejb-client.jar;C:\Users\ASUS\GlassFish_Server1\glassfish\modules\ejb-container.jar;C:\Users\ASUS\GlassFish_Server1\glassfish\modules\ejb-full-container.jar;C:\Users\ASUS\GlassFish_Server1\glassfish\modules\ejb-internal-api.jar;C:\Users\ASUS\GlassFish_Server1\glassfish\modules\ejb.security.jar;C:\Users\ASUS\GlassFish_Server1\glassfish\modules\entitybean-container.jar;C:\Users\ASUS\GlassFish_Server1\glassfish\modules\flashlight-extra-jdk-packages.jar;C:\Users\ASUS\GlassFish_Server1\glassfish\modules\flashlight-framework.jar;C:\Users\ASUS\GlassFish_Server1\glassfish\modules\gf-admingui-connector.jar;C:\Users\ASUS\GlassFish_Server1\glassfish\modules\gf-client-module.jar;C:\Users\ASUS\GlassFish_Server1\glassfish\modules\gf-connectors-connector.jar;C:\Users\ASUS\GlassFish_Server1\glassfish\modules\gf-ejb-connector.jar;C:\Users\ASUS\GlassFish_Server1\glassfish\modules\gf-jms-connector.jar;C:\Users\ASUS\GlassFish_Server1\glassfish\modules\gf-jms-injection.jar;C:\Users\ASUS\GlassFish_Server1\glassfish\modules\gf-jpa-connector.jar;C:\Users\ASUS\GlassFish_Server1\glassfish\modules\gf-load-balancer-connector.jar;C:\Users\ASUS\GlassFish_Server1\glassfish\modules\gf-restadmin-connector.jar;C:\Users\ASUS\GlassFish_Server1\glassfish\modules\gf-web-connector.jar;C:\Users\ASUS\GlassFish_Server1\glassfish\modules\gf-weld-connector.jar;C:\Users\ASUS\GlassFish_Server1\glassfish\modules\glassfish-api.jar;C:\Users\ASUS\GlassFish_Server1\glassfish\modules\glassfish-batch-commands.jar;C:\Users\ASUS\GlassFish_Server1\glassfish\modules\glassfish-batch-connector.jar;C:\Users\ASUS\GlassFish_Server1\glassfish\modules\glassfish-corba-csiv2-idl.jar;C:\Users\ASUS\GlassFish_Server1\glassfish\modules\glassfish-corba-internal-api.jar;C:\Users\ASUS\GlassFish_Server1\glassfish\modules\glassfish-corba-omgapi.jar;C:\Users\ASUS\GlassFish_Server1\glassfish\modules\glassfish-corba-orb.jar;C:\Users\ASUS\GlassFish_Server1\glassfish\modules\glassfish-ee-api.jar;C:\Users\ASUS\GlassFish_Server1\glassfish\modules\glassfish-extra-jre-packages.jar;C:\Users\ASUS\GlassFish_Server1\glassfish\modules\glassfish-grizzly-extra-all.jar;C:\Users\ASUS\GlassFish_Server1\glassfish\modules\glassfish-mbeanserver.jar;C:\Users\ASUS\GlassFish_Server1\glassfish\modules\glassfish-naming.jar;C:\Users\ASUS\GlassFish_Server1\glassfish\modules\glassfish-oracle-jdbc-driver-packages.jar;C:\Users\ASUS\GlassFish_Server1\glassfish\modules\glassfish-registration.jar;C:\Users\ASUS\GlassFish_Server1\glassfish\modules\glassfish.jar;C:\Users\ASUS\GlassFish_Server1\glassfish\modules\gmbal.jar;C:\Users\ASUS\GlassFish_Server1\glassfish\modules\gms-adapter.jar;C:\Users\ASUS\GlassFish_Server1\glassfish\modules\gms-bootstrap.jar;C:\Users\ASUS\GlassFish_Server1\glassfish\modules\grizzly-npn-osgi.jar;C:\Users\ASUS\GlassFish_Server1\glassfish\modules\guava.jar;C:\Users\ASUS\GlassFish_Server1\glassfish\modules\ha-api.jar;C:\Users\ASUS\GlassFish_Server1\glassfish\modules\ha-file-store.jar;C:\Users\ASUS\GlassFish_Server1\glassfish\modules\ha-shoal-cache-bootstrap.jar;C:\Users\ASUS\GlassFish_Server1\glassfish\modules\ha-shoal-cache-store.jar;C:\Users\ASUS\GlassFish_Server1\glassfish\modules\hk2-api.jar;C:\Users\ASUS\GlassFish_Server1\glassfish\modules\hk2-config.jar;C:\Users\ASUS\GlassFish_Server1\glassfish\modules\hk2-core.jar;C:\Users\ASUS\GlassFish_Server1\glassfish\modules\hk2-locator.jar;C:\Users\ASUS\GlassFish_Server1\glassfish\modules\hk2-runlevel.jar;C:\Users\ASUS\GlassFish_Server1\glassfish\modules\hk2-utils.jar;C:\Users\ASUS\GlassFish_Server1\glassfish\modules\hk2.jar;C:\Users\ASUS\GlassFish_Server1\glassfish\modules\inmemory.jacc.provider.jar;C:\Users\ASUS\GlassFish_Server1\glassfish\modules\internal-api.jar;C:\Users\ASUS\GlassFish_Server1\glassfish\modules\j-interop-repackaged.jar;C:\Users\ASUS\GlassFish_Server1\glassfish\modules\jackson-annotations.jar;C:\Users\ASUS\GlassFish_Server1\glassfish\modules\jackson-core.jar;C:\Users\ASUS\GlassFish_Server1\glassfish\modules\jackson-databind.jar;C:\Users\ASUS\GlassFish_Server1\glassfish\modules\jackson-jaxrs-base.jar;C:\Users\ASUS\GlassFish_Server1\glassfish\modules\jackson-jaxrs-json-provider.jar;C:\Users\ASUS\GlassFish_Server1\glassfish\modules\jackson-module-jaxb-annotations.jar;C:\Users\ASUS\GlassFish_Server1\glassfish\modules\jakarta.ejb-api.jar;C:\Users\ASUS\GlassFish_Server1\glassfish\modules\jakarta.el.jar;C:\Users\ASUS\GlassFish_Server1\glassfish\modules\jakarta.enterprise.concurrent-api.jar;C:\Users\ASUS\GlassFish_Server1\glassfish\modules\jakarta.enterprise.concurrent.jar;C:\Users\ASUS\GlassFish_Server1\glassfish\modules\jakarta.enterprise.deploy-api.jar;C:\Users\ASUS\GlassFish_Server1\glassfish\modules\jakarta.faces.jar;C:\Users\ASUS\GlassFish_Server1\glassfish\modules\jakarta.inject.jar;C:\Users\ASUS\GlassFish_Server1\glassfish\modules\jakarta.interceptor-api.jar;C:\Users\ASUS\GlassFish_Server1\glassfish\modules\jakarta.jms-api.jar;C:\Users\ASUS\GlassFish_Server1\glassfish\modules\jakarta.json.bind-api.jar;C:\Users\ASUS\GlassFish_Server1\glassfish\modules\jakarta.json.jar;C:\Users\ASUS\GlassFish_Server1\glassfish\modules\jakarta.mail.jar;C:\Users\ASUS\GlassFish_Server1\glassfish\modules\jakarta.management.j2ee-api.jar;C:\Users\ASUS\GlassFish_Server1\glassfish\modules\jakarta.persistence.jar;C:\Users\ASUS\GlassFish_Server1\glassfish\modules\jakarta.resource-api.jar;C:\Users\ASUS\GlassFish_Server1\glassfish\modules\jakarta.security.auth.message-api.jar;C:\Users\ASUS\GlassFish_Server1\glassfish\modules\jakarta.security.enterprise-api.jar;C:\Users\ASUS\GlassFish_Server1\glassfish\modules\jakarta.security.enterprise.jar;C:\Users\ASUS\GlassFish_Server1\glassfish\modules\jakarta.security.jacc-api.jar;C:\Users\ASUS\GlassFish_Server1\glassfish\modules\jakarta.servlet-api.jar;C:\Users\ASUS\GlassFish_Server1\glassfish\modules\jakarta.servlet.jsp-api.jar;C:\Users\ASUS\GlassFish_Server1\glassfish\modules\jakarta.servlet.jsp.jar;C:\Users\ASUS\GlassFish_Server1\glassfish\modules\jakarta.servlet.jsp.jstl-api.jar;C:\Users\ASUS\GlassFish_Server1\glassfish\modules\jakarta.servlet.jsp.jstl.jar;C:\Users\ASUS\GlassFish_Server1\glassfish\modules\jakarta.transaction-api.jar;C:\Users\ASUS\GlassFish_Server1\glassfish\modules\jakarta.websocket-api.jar;C:\Users\ASUS\GlassFish_Server1\glassfish\modules\jakarta.ws.rs-api.jar;C:\Users\ASUS\GlassFish_Server1\glassfish\modules\jakarta.xml.registry-api.jar;C:\Users\ASUS\GlassFish_Server1\glassfish\modules\jakarta.xml.rpc-api.jar;C:\Users\ASUS\GlassFish_Server1\glassfish\modules\jaspic.provider.framework.jar;C:\Users\ASUS\GlassFish_Server1\glassfish\modules\javaee-kernel.jar;C:\Users\ASUS\GlassFish_Server1\glassfish\modules\javamail-connector.jar;C:\Users\ASUS\GlassFish_Server1\glassfish\modules\javamail-runtime.jar;C:\Users\ASUS\GlassFish_Server1\glassfish\modules\javassist.jar;C:\Users\ASUS\GlassFish_Server1\glassfish\modules\javax.batch-api.jar;C:\Users\ASUS\GlassFish_Server1\glassfish\modules\javax.ejb-api.jar;C:\Users\ASUS\GlassFish_Server1\glassfish\modules\javax.el.jar;C:\Users\ASUS\GlassFish_Server1\glassfish\modules\javax.enterprise.concurrent-api.jar;C:\Users\ASUS\GlassFish_Server1\glassfish\modules\javax.enterprise.concurrent.jar;C:\Users\ASUS\GlassFish_Server1\glassfish\modules\javax.enterprise.deploy-api.jar;C:\Users\ASUS\GlassFish_Server1\glassfish\modules\javax.faces.jar;C:\Users\ASUS\GlassFish_Server1\glassfish\modules\javax.inject.jar;C:\Users\ASUS\GlassFish_Server1\glassfish\modules\javax.interceptor-api.jar;C:\Users\ASUS\GlassFish_Server1\glassfish\modules\javax.jms-api.jar;C:\Users\ASUS\GlassFish_Server1\glassfish\modules\javax.json.jar;C:\Users\ASUS\GlassFish_Server1\glassfish\modules\javax.mail.jar;C:\Users\ASUS\GlassFish_Server1\glassfish\modules\javax.management.j2ee-api.jar;C:\Users\ASUS\GlassFish_Server1\glassfish\modules\javax.persistence.jar;C:\Users\ASUS\GlassFish_Server1\glassfish\modules\javax.resource-api.jar;C:\Users\ASUS\GlassFish_Server1\glassfish\modules\javax.security.auth.message-api.jar;C:\Users\ASUS\GlassFish_Server1\glassfish\modules\javax.security.jacc-api.jar;C:\Users\ASUS\GlassFish_Server1\glassfish\modules\javax.servlet-api.jar;C:\Users\ASUS\GlassFish_Server1\glassfish\modules\javax.servlet.jsp-api.jar;C:\Users\ASUS\GlassFish_Server1\glassfish\modules\javax.servlet.jsp.jar;C:\Users\ASUS\GlassFish_Server1\glassfish\modules\javax.servlet.jsp.jstl-api.jar;C:\Users\ASUS\GlassFish_Server1\glassfish\modules\javax.servlet.jsp.jstl.jar;C:\Users\ASUS\GlassFish_Server1\glassfish\modules\javax.transaction-api.jar;C:\Users\ASUS\GlassFish_Server1\glassfish\modules\javax.websocket-api.jar;C:\Users\ASUS\GlassFish_Server1\glassfish\modules\javax.ws.rs-api.jar;C:\Users\ASUS\GlassFish_Server1\glassfish\modules\javax.xml.registry-api.jar;C:\Users\ASUS\GlassFish_Server1\glassfish\modules\javax.xml.rpc-api.jar;C:\Users\ASUS\GlassFish_Server1\glassfish\modules\jaxb-extra-osgi.jar;C:\Users\ASUS\GlassFish_Server1\glassfish\modules\jaxb-osgi.jar;C:\Users\ASUS\GlassFish_Server1\glassfish\modules\jboss-classfilewriter.jar;C:\Users\ASUS\GlassFish_Server1\glassfish\modules\jboss-logging.jar;C:\Users\ASUS\GlassFish_Server1\glassfish\modules\jdbc-admin.jar;C:\Users\ASUS\GlassFish_Server1\glassfish\modules\jdbc-config.jar;C:\Users\ASUS\GlassFish_Server1\glassfish\modules\jdbc-runtime.jar;C:\Users\ASUS\GlassFish_Server1\glassfish\modules\jersey-bean-validation.jar;C:\Users\ASUS\GlassFish_Server1\glassfish\modules\jersey-cdi1x-servlet.jar;C:\Users\ASUS\GlassFish_Server1\glassfish\modules\jersey-cdi1x-transaction.jar;C:\Users\ASUS\GlassFish_Server1\glassfish\modules\jersey-cdi1x.jar;C:\Users\ASUS\GlassFish_Server1\glassfish\modules\jersey-client.jar;C:\Users\ASUS\GlassFish_Server1\glassfish\modules\jersey-common.jar;C:\Users\ASUS\GlassFish_Server1\glassfish\modules\jersey-container-grizzly2-http.jar;C:\Users\ASUS\GlassFish_Server1\glassfish\modules\jersey-container-servlet-core.jar;C:\Users\ASUS\GlassFish_Server1\glassfish\modules\jersey-container-servlet.jar;C:\Users\ASUS\GlassFish_Server1\glassfish\modules\jersey-entity-filtering.jar;C:\Users\ASUS\GlassFish_Server1\glassfish\modules\jersey-gf-cdi.jar;C:\Users\ASUS\GlassFish_Server1\glassfish\modules\jersey-gf-ejb.jar;C:\Users\ASUS\GlassFish_Server1\glassfish\modules\jersey-guava.jar;C:\Users\ASUS\GlassFish_Server1\glassfish\modules\jersey-hk2.jar;C:\Users\ASUS\GlassFish_Server1\glassfish\modules\jersey-media-jaxb.jar;C:\Users\ASUS\GlassFish_Server1\glassfish\modules\jersey-media-json-binding.jar;C:\Users\ASUS\GlassFish_Server1\glassfish\modules\jersey-media-json-jackson.jar;C:\Users\ASUS\GlassFish_Server1\glassfish\modules\jersey-media-json-jettison.jar;C:\Users\ASUS\GlassFish_Server1\glassfish\modules\jersey-media-json-processing.jar;C:\Users\ASUS\GlassFish_Server1\glassfish\modules\jersey-media-moxy.jar;C:\Users\ASUS\GlassFish_Server1\glassfish\modules\jersey-media-multipart.jar;C:\Users\ASUS\GlassFish_Server1\glassfish\modules\jersey-media-sse.jar;C:\Users\ASUS\GlassFish_Server1\glassfish\modules\jersey-mvc-connector.jar;C:\Users\ASUS\GlassFish_Server1\glassfish\modules\jersey-mvc-jsp.jar;C:\Users\ASUS\GlassFish_Server1\glassfish\modules\jersey-mvc.jar;C:\Users\ASUS\GlassFish_Server1\glassfish\modules\jersey-server.jar;C:\Users\ASUS\GlassFish_Server1\glassfish\modules\jettison.jar;C:\Users\ASUS\GlassFish_Server1\glassfish\modules\jms-admin.jar;C:\Users\ASUS\GlassFish_Server1\glassfish\modules\jms-core.jar;C:\Users\ASUS\GlassFish_Server1\glassfish\modules\jmxremote_optional-repackaged.jar;C:\Users\ASUS\GlassFish_Server1\glassfish\modules\jpa-container.jar;C:\Users\ASUS\GlassFish_Server1\glassfish\modules\jsch.jar;C:\Users\ASUS\GlassFish_Server1\glassfish\modules\jsf-connector.jar;C:\Users\ASUS\GlassFish_Server1\glassfish\modules\jsftemplating.jar;C:\Users\ASUS\GlassFish_Server1\glassfish\modules\jsonp-jaxrs.jar;C:\Users\ASUS\GlassFish_Server1\glassfish\modules\jspcaching-connector.jar;C:\Users\ASUS\GlassFish_Server1\glassfish\modules\jsr109-impl.jar;C:\Users\ASUS\GlassFish_Server1\glassfish\modules\jstl-connector.jar;C:\Users\ASUS\GlassFish_Server1\glassfish\modules\jta.jar;C:\Users\ASUS\GlassFish_Server1\glassfish\modules\jts.jar;C:\Users\ASUS\GlassFish_Server1\glassfish\modules\kernel.jar;C:\Users\ASUS\GlassFish_Server1\glassfish\modules\launcher.jar;C:\Users\ASUS\GlassFish_Server1\glassfish\modules\ldapbp-repackaged.jar;C:\Users\ASUS\GlassFish_Server1\glassfish\modules\ldapbp.jar;C:\Users\ASUS\GlassFish_Server1\glassfish\modules\libpam4j-repackaged.jar;C:\Users\ASUS\GlassFish_Server1\glassfish\modules\libpam4j.jar;C:\Users\ASUS\GlassFish_Server1\glassfish\modules\load-balancer-admin.jar;C:\Users\ASUS\GlassFish_Server1\glassfish\modules\logging.jar;C:\Users\ASUS\GlassFish_Server1\glassfish\modules\management-api.jar;C:\Users\ASUS\GlassFish_Server1\glassfish\modules\metro-glue.jar;C:\Users\ASUS\GlassFish_Server1\glassfish\modules\mimepull.jar;C:\Users\ASUS\GlassFish_Server1\glassfish\modules\monitoring-core.jar;C:\Users\ASUS\GlassFish_Server1\glassfish\modules\nucleus-grizzly-all.jar;C:\Users\ASUS\GlassFish_Server1\glassfish\modules\nucleus-resources.jar;C:\Users\ASUS\GlassFish_Server1\glassfish\modules\orb-connector.jar;C:\Users\ASUS\GlassFish_Server1\glassfish\modules\orb-enabler.jar;C:\Users\ASUS\GlassFish_Server1\glassfish\modules\orb-iiop.jar;C:\Users\ASUS\GlassFish_Server1\glassfish\modules\org.apache.felix.bundlerepository.jar;C:\Users\ASUS\GlassFish_Server1\glassfish\modules\org.eclipse.persistence.antlr.jar;C:\Users\ASUS\GlassFish_Server1\glassfish\modules\org.eclipse.persistence.asm.jar;C:\Users\ASUS\GlassFish_Server1\glassfish\modules\org.eclipse.persistence.core.jar;C:\Users\ASUS\GlassFish_Server1\glassfish\modules\org.eclipse.persistence.dbws.jar;C:\Users\ASUS\GlassFish_Server1\glassfish\modules\org.eclipse.persistence.jpa.jar;C:\Users\ASUS\GlassFish_Server1\glassfish\modules\org.eclipse.persistence.jpa.jpql.jar;C:\Users\ASUS\GlassFish_Server1\glassfish\modules\org.eclipse.persistence.jpa.modelgen.processor.jar;C:\Users\ASUS\GlassFish_Server1\glassfish\modules\org.eclipse.persistence.moxy.jar;C:\Users\ASUS\GlassFish_Server1\glassfish\modules\org.eclipse.persistence.oracle.jar;C:\Users\ASUS\GlassFish_Server1\glassfish\modules\osgi-adapter.jar;C:\Users\ASUS\GlassFish_Server1\glassfish\modules\osgi-cli-remote.jar;C:\Users\ASUS\GlassFish_Server1\glassfish\modules\osgi-container.jar;C:\Users\ASUS\GlassFish_Server1\glassfish\modules\osgi-jpa-extension.jar;C:\Users\ASUS\GlassFish_Server1\glassfish\modules\osgi-resource-locator.jar;C:\Users\ASUS\GlassFish_Server1\glassfish\modules\persistence-common.jar;C:\Users\ASUS\GlassFish_Server1\glassfish\modules\pfl-asm.jar;C:\Users\ASUS\GlassFish_Server1\glassfish\modules\pfl-basic-tools.jar;C:\Users\ASUS\GlassFish_Server1\glassfish\modules\pfl-basic.jar;C:\Users\ASUS\GlassFish_Server1\glassfish\modules\pfl-dynamic.jar;C:\Users\ASUS\GlassFish_Server1\glassfish\modules\pfl-tf-tools.jar;C:\Users\ASUS\GlassFish_Server1\glassfish\modules\pfl-tf.jar;C:\Users\ASUS\GlassFish_Server1\glassfish\modules\pkg-client.jar;C:\Users\ASUS\GlassFish_Server1\glassfish\modules\registration-api.jar;C:\Users\ASUS\GlassFish_Server1\glassfish\modules\registration-impl.jar;C:\Users\ASUS\GlassFish_Server1\glassfish\modules\resources-connector.jar;C:\Users\ASUS\GlassFish_Server1\glassfish\modules\resources-runtime.jar;C:\Users\ASUS\GlassFish_Server1\glassfish\modules\rest-client.jar;C:\Users\ASUS\GlassFish_Server1\glassfish\modules\rest-service.jar;C:\Users\ASUS\GlassFish_Server1\glassfish\modules\scattered-archive-api.jar;C:\Users\ASUS\GlassFish_Server1\glassfish\modules\schema2beans-repackaged.jar;C:\Users\ASUS\GlassFish_Server1\glassfish\modules\schema2beans.jar;C:\Users\ASUS\GlassFish_Server1\glassfish\modules\security-ee.jar;C:\Users\ASUS\GlassFish_Server1\glassfish\modules\security-services.jar;C:\Users\ASUS\GlassFish_Server1\glassfish\modules\security.jar;C:\Users\ASUS\GlassFish_Server1\glassfish\modules\shoal-cache.jar;C:\Users\ASUS\GlassFish_Server1\glassfish\modules\shoal-gms-api.jar;C:\Users\ASUS\GlassFish_Server1\glassfish\modules\shoal-gms-impl.jar;C:\Users\ASUS\GlassFish_Server1\glassfish\modules\simple-glassfish-api.jar;C:\Users\ASUS\GlassFish_Server1\glassfish\modules\soap-tcp.jar;C:\Users\ASUS\GlassFish_Server1\glassfish\modules\ssl-impl.jar;C:\Users\ASUS\GlassFish_Server1\glassfish\modules\stats77.jar;C:\Users\ASUS\GlassFish_Server1\glassfish\modules\stax2-api.jar;C:\Users\ASUS\GlassFish_Server1\glassfish\modules\tiger-types.jar;C:\Users\ASUS\GlassFish_Server1\glassfish\modules\transaction-internal-api.jar;C:\Users\ASUS\GlassFish_Server1\glassfish\modules\trilead-ssh2-repackaged.jar;C:\Users\ASUS\GlassFish_Server1\glassfish\modules\tyrus-client.jar;C:\Users\ASUS\GlassFish_Server1\glassfish\modules\tyrus-container-glassfish-cdi.jar;C:\Users\ASUS\GlassFish_Server1\glassfish\modules\tyrus-container-glassfish-ejb.jar;C:\Users\ASUS\GlassFish_Server1\glassfish\modules\tyrus-container-grizzly-client.jar;C:\Users\ASUS\GlassFish_Server1\glassfish\modules\tyrus-container-servlet.jar;C:\Users\ASUS\GlassFish_Server1\glassfish\modules\tyrus-core.jar;C:\Users\ASUS\GlassFish_Server1\glassfish\modules\tyrus-server.jar;C:\Users\ASUS\GlassFish_Server1\glassfish\modules\tyrus-spi.jar;C:\Users\ASUS\GlassFish_Server1\glassfish\modules\war-util.jar;C:\Users\ASUS\GlassFish_Server1\glassfish\modules\web-cli.jar;C:\Users\ASUS\GlassFish_Server1\glassfish\modules\web-core.jar;C:\Users\ASUS\GlassFish_Server1\glassfish\modules\web-embed-api.jar;C:\Users\ASUS\GlassFish_Server1\glassfish\modules\web-glue.jar;C:\Users\ASUS\GlassFish_Server1\glassfish\modules\web-gui-plugin-common.jar;C:\Users\ASUS\GlassFish_Server1\glassfish\modules\web-ha.jar;C:\Users\ASUS\GlassFish_Server1\glassfish\modules\web-naming.jar;C:\Users\ASUS\GlassFish_Server1\glassfish\modules\web-sse.jar;C:\Users\ASUS\GlassFish_Server1\glassfish\modules\websecurity.jar;C:\Users\ASUS\GlassFish_Server1\glassfish\modules\webservices-connector.jar;C:\Users\ASUS\GlassFish_Server1\glassfish\modules\webservices-extra-jdk-packages.jar;C:\Users\ASUS\GlassFish_Server1\glassfish\modules\webservices-osgi.jar;C:\Users\ASUS\GlassFish_Server1\glassfish\modules\webservices.security.jar;C:\Users\ASUS\GlassFish_Server1\glassfish\modules\weld-integration-fragment.jar;C:\Users\ASUS\GlassFish_Server1\glassfish\modules\weld-integration.jar;C:\Users\ASUS\GlassFish_Server1\glassfish\modules\weld-osgi-bundle.jar;C:\Users\ASUS\GlassFish_Server1\glassfish\modules\woodstox-core-asl.jar;C:\Users\ASUS\GlassFish_Server1\glassfish\modules\woodstox-core.jar;C:\Users\ASUS\GlassFish_Server1\glassfish\modules\work-management.jar;C:\Users\ASUS\GlassFish_Server1\glassfish\modules\yasson.jar" />
    <property name="libs.javaee-web-api-8.0.classpath" value="C:\Program Files\NetBeans-12.2\netbeans\enterprise\modules\ext\javaee-web-api-8.0.jar" />
    <property name="compile.jsps" value="false" />
    <property name="libs.jsp-compiler.src" value="" />
    <property name="deploy.ant.properties.file" value="C:\Users\ASUS\AppData\Roaming\NetBeans\12.2\config\GlassFishEE6\Properties\gfv3-1724326691.properties" />
    <property name="j2ee.platform.wscompile.classpath" value="C:/Users/ASUS/GlassFish_Server2/glassfish/modules/webservices-osgi.jar" />
    <property name="sun.boot.library.path" value="C:\Program Files\Java\jdk1.8.0_181\jre\bin" />
    <property name="have.sources" value="true" />
    <property name="libs.graaljs.classpath" value="C:\Program Files\NetBeans-12.2\netbeans\webcommon\modules\ext\js-20.2.0.jar;C:\Program Files\NetBeans-12.2\netbeans\webcommon\modules\ext\js-launcher-20.2.0.jar;C:\Program Files\NetBeans-12.2\netbeans\webcommon\modules\ext\regex-20.2.0.jar;C:\Program Files\NetBeans-12.2\netbeans\webcommon\modules\ext\icu4j-67.1.jar;C:\Program Files\NetBeans-12.2\netbeans\ide\modules\ext\graal-sdk-20.2.0.jar;C:\Program Files\NetBeans-12.2\netbeans\ide\modules\ext\launcher-common-20.2.0.jar;C:\Program Files\NetBeans-12.2\netbeans\ide\modules\ext\truffle-api-20.2.0.jar" />
    <property name="libs.hamcrest.javadoc" value="" />
    <property name="debug.classpath" value="build/web/WEB-INF/classes:D:\Stu\2020-2021(N4)\K2\New folder\mssql-jdbc-9.2.1.jre8.jar:C:\Program Files\NetBeans-12.2\netbeans\platform\modules\ext\hamcrest-core-1.3.jar:C:\Program Files\NetBeans-12.2\netbeans\platform\modules\ext\junit-4.12.jar" />
    <property name="war.name" value="Shop.war" />
    <property name="javadoc.private" value="false" />
    <property name="libs.jakartaee-api-8.0.src" value="" />
    <property name="test.src.dir" value="test" />
    <property name="libs.MyLibrary.javadoc" value="" />
    <property name="libs.jsf20.classpath" value="C:\Program Files\NetBeans-12.2\netbeans\enterprise\modules\ext\jsf-2_2\javax.faces.jar" />
    <property name="ap.processors.internal" value="" />
    <property name="libs.javaee-api-8.0.javadoc" value="C:\Program Files\NetBeans-12.2\netbeans\enterprise\docs\javaee-doc-api.jar" />
    <property name="javadoc.encoding.used" value="UTF-8" />
    <property name="libs.spring-framework400.maven-pom" value="" />
    <property name="java.runtime.name" value="Java(TM) SE Runtime Environment" />
    <property name="ant.project.name" value="Shop" />
    <property name="libs.spring-webmvc5.0.src" value="" />
    <property name="netbeans.hash.code" value="unique=NB_EXTIDE_JAVA_PHP_WEBCOMMON_WEBEE093f3b77e-9ea7-4008-85fa-f73a22f573aa_a22329d2-9a06-4f68-ad4b-272b576b06c5" />
    <property name="platform.javadoc" value="C:\Program Files\Java\jdk1.8.0_181/bin/javadoc" />
    <property name="netbeans.default_userdir_root" value="C:\Users\ASUS\AppData\Roaming\NetBeans" />
    <property name="libs.jsp-compilation-syscp.maven-pom" value="" />
    <property name="platform.javadoc.tmp" value="${platforms.JDK_1.8.javadoc}" />
    <property name="sun.cpu.isalist" value="amd64" />
    <property name="libs.jakartaee-web-api-8.0.classpath" value="C:\Program Files\NetBeans-12.2\netbeans\enterprise\modules\ext\jakarta.jakartaee-web-api-8.0.0.jar" />
    <property name="libs.CopyLibs.javadoc" value="" />
    <property name="libs.spring-framework400.javadoc" value="" />
    <property name="platform.compiler" value="${platforms.JDK_1.8.compile}" />
    <property name="j2ee.server.domain" value="C:/Users/ASUS/GlassFish_Server2/glassfish/domains/domain1" />
    <property name="libs.jakartaee-api-8.0.maven-pom" value="" />
    <property name="org.openide.specification.version" value="6.2" />
    <property name="j2ee.server.home" value="C:/Users/ASUS/GlassFish_Server2/glassfish" />
    <property name="user.home" value="C:\Users\ASUS" />
    <property name="annotation.processing.processors.list" value="" />
    <property name="libs.primefaces.maven-pom" value="" />
    <property name="sun.zip.disableMemoryMapping" value="true" />
    <property name="libs.javaee-api-6.0.maven-pom" value="" />
    <property name="libs.JWSAntTasks.src" value="" />
    <property name="platform.javac.tmp" value="${platforms.JDK_1.8.javac}" />
    <property name="libs.CopyLibs.maven-pom" value="" />
    <property name="libs.absolutelayout.javadoc" value="" />
    <property name="libs.spring-framework300.javadoc" value="" />
    <property name="java.specification.name" value="Java Platform API Specification" />
    <property name="guice.disable.misplaced.annotation.check" value="true" />
    <property name="libs.spring-webmvc5.0.maven-pom" value="" />
    <property name="no.dist.ear.dir" value="true" />
    <property name="java.specification.vendor" value="Oracle Corporation" />
    <property name="java.version" value="1.8.0_181" />
    <property name="javadoc.version" value="false" />
    <property name="run.jvmargs.ide" value="" />
    <property name="org.openide.version" value="deprecated" />
    <property name="source.encoding" value="UTF-8" />
    <property name="platform.java" value="C:\Program Files\Java\jdk1.8.0_181/bin/java" />
    <property name="ap.cmd.line.internal" value="" />
    <property name="java.vm.compressedOopsMode" value="Zero based" />
    <property name="libs.eclipselinkmodelgen.maven-pom" value="" />
    <property name="libs.jsp-compilation-syscp.javadoc" value="" />
    <property name="libs.javaee-web-api-8.0.src" value="" />
    <property name="libs.javaee-endorsed-api-7.0.classpath" value="C:\Program Files\NetBeans-12.2\netbeans\enterprise\modules\ext\javaee7-endorsed\javax.annotation-api.jar;C:\Program Files\NetBeans-12.2\netbeans\enterprise\modules\ext\javaee7-endorsed\javax.xml.soap-api.jar;C:\Program Files\NetBeans-12.2\netbeans\enterprise\modules\ext\javaee7-endorsed\jaxb-api-osgi.jar;C:\Program Files\NetBeans-12.2\netbeans\enterprise\modules\ext\javaee7-endorsed\jaxws-api.jar;C:\Program Files\NetBeans-12.2\netbeans\enterprise\modules\ext\javaee7-endorsed\jsr181-api.jar" />
    <property name="libs.eclipselinkmodelgen.javadoc" value="" />
    <property name="libs.metro.javadoc" value="C:\Program Files\NetBeans-12.2\netbeans\enterprise\docs\webservices-api-javadoc.jar;C:\Program Files\NetBeans-12.2\netbeans\enterprise\docs\webservices-extra-javadoc.jar;C:\Program Files\NetBeans-12.2\netbeans\enterprise\docs\webservices-extra-api-javadoc.jar;C:\Program Files\NetBeans-12.2\netbeans\enterprise\docs\webservices-rt-javadoc.jar;C:\Program Files\NetBeans-12.2\netbeans\enterprise\docs\webservices-tools-javadoc.jar" />
    <property name="libs.struts.maven-pom" value="" />
    <property name="jnidispatch.path" value="C:\Users\ASUS\AppData\Local\Temp\jna-2018896\jna7314762555851214606.dll" />
    <property name="netbeans.home+have.tests" value="true" />
    <property name="libs.testng.maven-pom" value="" />
    <property name="libs.MyLibrary1.javadoc" value="" />
    <property name="libs.jaxb.src" value="" />
    <property name="libs.jaxb.classpath" value="C:\Program Files\NetBeans-12.2\netbeans\ide\modules\ext\jaxb\jaxb-impl.jar;C:\Program Files\NetBeans-12.2\netbeans\ide\modules\ext\jaxb\jaxb-xjc.jar;C:\Program Files\NetBeans-12.2\netbeans\ide\modules\ext\jaxb\jaxb1-impl.jar;C:\Program Files\NetBeans-12.2\netbeans\ide\modules\ext\jaxb\activation.jar;C:\Program Files\NetBeans-12.2\netbeans\ide\modules\ext\jaxb\api\jaxb-api.jar" />
    <property name="dist.javadoc.dir" value="dist/javadoc" />
    <property name="libs.spring-webmvc3.0.classpath" value="C:\Program Files\NetBeans-12.2\netbeans\java\modules\ext\spring-3.0\spring-webmvc-3.2.18.RELEASE.jar" />
    <property name="jspc.dtds" value="/resources/dtds/" />
    <property name="libs.javaee-web-api-7.0.maven-pom" value="" />
    <property name="libs.restlib.src" value="" />
    <property name="javac.source" value="1.8" />
    <property name="build.generated.dir" value="build/generated" />
    <property name="java.version.date" value="2020-10-20" />
    <property name="line.separator" value="&#xd;&#xa;" />
    <property name="libs.javaee-api-8.0.classpath" value="C:\Program Files\NetBeans-12.2\netbeans\enterprise\modules\ext\javaee-api-8.0.jar" />
    <property name="java.specification.version" value="1.8" />
    <property name="java.vm.info" value="mixed mode" />
    <property name="libs.jaxws21.maven-pom" value="" />
    <property name="nb.junit.batch" value="true" />
    <property name="platform.java.tmp" value="${platforms.JDK_1.8.java}" />
    <property name="sun.boot.class.path" value="C:\Program Files\NetBeans-12.2\netbeans\enterprise\modules\ext\javaee7-endorsed\javax.annotation-api.jar;C:\Program Files\NetBeans-12.2\netbeans\enterprise\modules\ext\javaee7-endorsed\javax.xml.soap-api.jar;C:\Program Files\NetBeans-12.2\netbeans\enterprise\modules\ext\javaee7-endorsed\jaxb-api-osgi.jar;C:\Program Files\NetBeans-12.2\netbeans\enterprise\modules\ext\javaee7-endorsed\jaxws-api.jar;C:\Program Files\NetBeans-12.2\netbeans\enterprise\modules\ext\javaee7-endorsed\jsr181-api.jar;C:\Program Files\Java\jdk1.8.0_181\jre\lib\resources.jar;C:\Program Files\Java\jdk1.8.0_181\jre\lib\rt.jar;C:\Program Files\Java\jdk1.8.0_181\jre\lib\sunrsasign.jar;C:\Program Files\Java\jdk1.8.0_181\jre\lib\jsse.jar;C:\Program Files\Java\jdk1.8.0_181\jre\lib\jce.jar;C:\Program Files\Java\jdk1.8.0_181\jre\lib\charsets.jar;C:\Program Files\Java\jdk1.8.0_181\jre\lib\jfr.jar;C:\Program Files\Java\jdk1.8.0_181\jre\classes" />
    <property name="javac.target" value="1.8" />
    <property name="build.test.classes.dir" value="build/test/classes" />
    <property name="src.dir" value="src/java" />
    <property name="sun.awt.keepWorkingSetOnMinimize" value="true" />
    <property name="annotation.processing.enabled" value="true" />
    <property name="libs.jsf20.src" value="" />
    <property name="libs.jpa20-persistence.src" value="" />
    <property name="libs.jsf12.src" value="" />
    <property name="j2ee.platform" value="1.7-web" />
    <property name="libs.JAVADB_DRIVER_LABEL.maven-pom" value="" />
    <property name="libs.struts.javadoc" value="C:\Program Files\NetBeans-12.2\netbeans\enterprise\docs\struts-1.3.10-javadoc.zip" />
    <property name="libs.Comet-GlassFish-v3.classpath" value="" />
    <property name="web.docbase.dir" value="web" />
    <property name="libs.javaee-web-api-7.0.src" value="" />
    <property name="libs.primefaces.src" value="" />
    <property name="dist.dir" value="dist" />
    <property name="libs.groovy-all.javadoc" value="" />
    <property name="testng.debug.mode" value="" />
    <property name="libs.groovy-all.classpath" value="C:\Program Files\NetBeans-12.2\netbeans\groovy\modules\ext\groovy.jar;C:\Program Files\NetBeans-12.2\netbeans\groovy\modules\ext\groovy-ant.jar" />
    <property name="java.awt.printerjob" value="sun.awt.windows.WPrinterJob" />
    <property name="default.javac.source" value="15" />
    <property name="debug-transport-by-os" value="dt_shmem" />
    <property name="sun.jnu.encoding" value="Cp1252" />
    <property name="build.test.results.dir" value="build/test/results" />
    <property name="java.runtime.version" value="1.8.0_181-b13" />
    <property name="default.javac.target" value="15" />
    <property name="libs.junit_4.classpath" value="C:\Program Files\NetBeans-12.2\netbeans\platform\modules\ext\junit-4.12.jar" />
    <property name="user.timezone" value="" />
    <property name="ant.file.Shop-impl" value="D:\Stu\2020-2021(N4)\K2\New folder\BTL_SQA\Shop\nbproject\build-impl.xml" />
    <property name="nb.junit.single" value="false" />
    <property name="libs.javaee-endorsed-api-6.0.maven-pom" value="" />
    <property name="libs.JAVADB_DRIVER_LABEL.javadoc" value="" />
    <property name="netbeans.dirs" value="C:\Program Files\NetBeans-12.2\netbeans\nb;C:\Program Files\NetBeans-12.2\netbeans\ergonomics;C:\Program Files\NetBeans-12.2\netbeans\ide;C:\Program Files\NetBeans-12.2\netbeans\extide;C:\Program Files\NetBeans-12.2\netbeans\java;C:\Program Files\NetBeans-12.2\netbeans\apisupport;C:\Program Files\NetBeans-12.2\netbeans\webcommon;C:\Program Files\NetBeans-12.2\netbeans\websvccommon;C:\Program Files\NetBeans-12.2\netbeans\enterprise;C:\Program Files\NetBeans-12.2\netbeans\mobility;C:\Program Files\NetBeans-12.2\netbeans\profiler;C:\Program Files\NetBeans-12.2\netbeans\python;C:\Program Files\NetBeans-12.2\netbeans\php;C:\Program Files\NetBeans-12.2\netbeans\identity;C:\Program Files\NetBeans-12.2\netbeans\harness;C:\Program Files\NetBeans-12.2\netbeans\cnd;C:\Program Files\NetBeans-12.2\netbeans\cndext;C:\Program Files\NetBeans-12.2\netbeans\cpplite;C:\Program Files\NetBeans-12.2\netbeans\dlight;C:\Program Files\NetBeans-12.2\netbeans\groovy;C:\Program Files\NetBeans-12.2\netbeans\extra;C:\Program Files\NetBeans-12.2\netbeans\javacard;C:\Program Files\NetBeans-12.2\netbeans\javafx" />
    <property name="libs.spring-framework500.maven-pom" value="" />
    <property name="libs.jsf20.javadoc" value="C:\Program Files\NetBeans-12.2\netbeans\enterprise\docs\javaee-doc-api.jar" />
    <property name="libs.jstl.javadoc" value="C:\Program Files\NetBeans-12.2\netbeans\enterprise\docs\javaee-doc-api.jar" />
    <property name="java.ext.dirs" value="C:\Program Files\Java\jdk1.8.0_181\jre\lib\ext;C:\WINDOWS\Sun\Java\lib\ext" />
    <property name="libs.MyLibrary.maven-pom" value="" />
    <property name="libs.metro.src" value="" />
    <property name="endorsed.classpath" value="C:\Program Files\NetBeans-12.2\netbeans\enterprise\modules\ext\javaee7-endorsed\javax.annotation-api.jar;C:\Program Files\NetBeans-12.2\netbeans\enterprise\modules\ext\javaee7-endorsed\javax.xml.soap-api.jar;C:\Program Files\NetBeans-12.2\netbeans\enterprise\modules\ext\javaee7-endorsed\jaxb-api-osgi.jar;C:\Program Files\NetBeans-12.2\netbeans\enterprise\modules\ext\javaee7-endorsed\jaxws-api.jar;C:\Program Files\NetBeans-12.2\netbeans\enterprise\modules\ext\javaee7-endorsed\jsr181-api.jar" />
    <property name="libs.absolutelayout.classpath" value="C:\Program Files\NetBeans-12.2\netbeans\java\modules\ext\AbsoluteLayout.jar" />
    <property name="excludes" value="" />
    <property name="libs.metro.classpath" value="C:\Program Files\NetBeans-12.2\netbeans\ide\modules\ext\jaxb\activation.jar;C:\Program Files\NetBeans-12.2\netbeans\enterprise\modules\ext\metro\webservices-api.jar;C:\Program Files\NetBeans-12.2\netbeans\enterprise\modules\ext\metro\webservices-extra-api.jar;C:\Program Files\NetBeans-12.2\netbeans\enterprise\modules\ext\metro\webservices-extra.jar;C:\Program Files\NetBeans-12.2\netbeans\enterprise\modules\ext\metro\webservices-rt.jar;C:\Program Files\NetBeans-12.2\netbeans\enterprise\modules\ext\metro\webservices-tools.jar" />
    <property name="libs.restlib.maven-pom" value="" />
    <property name="apple.laf.useScreenMenuBar" value="true" />
    <property name="java.class.path" value="D:\Stu\2020-2021(N4)\K2\New folder\mssql-jdbc-9.2.1.jre8.jar;C:\Program Files\NetBeans-12.2\netbeans\platform\modules\ext\hamcrest-core-1.3.jar;C:\Program Files\NetBeans-12.2\netbeans\platform\modules\ext\junit-4.12.jar;D:\Stu\2020-2021(N4)\K2\New folder\BTL_SQA\Shop\build\web\WEB-INF\classes;C:\Program Files\NetBeans-12.2\netbeans\platform\modules\ext\junit-jupiter-api-5.6.0.jar;C:\Program Files\NetBeans-12.2\netbeans\platform\modules\ext\junit-jupiter-params-5.6.0.jar;C:\Program Files\NetBeans-12.2\netbeans\platform\modules\ext\junit-jupiter-engine-5.6.0.jar;D:\Stu\2020-2021(N4)\K2\New folder\BTL_SQA\Shop\build\test\classes;C:\Users\ASUS\GlassFish_Server2\glassfish\modules\bean-validator.jar;C:\Users\ASUS\GlassFish_Server2\glassfish\modules\cdi-api.jar;C:\Users\ASUS\GlassFish_Server2\glassfish\modules\endorsed\javax.annotation-api.jar;C:\Users\ASUS\GlassFish_Server2\glassfish\modules\endorsed\jaxb-api.jar;C:\Users\ASUS\GlassFish_Server2\glassfish\modules\endorsed\webservices-api-osgi.jar;C:\Users\ASUS\GlassFish_Server2\glassfish\modules\javax.batch-api.jar;C:\Users\ASUS\GlassFish_Server2\glassfish\modules\javax.ejb-api.jar;C:\Users\ASUS\GlassFish_Server2\glassfish\modules\javax.el.jar;C:\Users\ASUS\GlassFish_Server2\glassfish\modules\javax.enterprise.concurrent-api.jar;C:\Users\ASUS\GlassFish_Server2\glassfish\modules\javax.enterprise.concurrent.jar;C:\Users\ASUS\GlassFish_Server2\glassfish\modules\javax.enterprise.deploy-api.jar;C:\Users\ASUS\GlassFish_Server2\glassfish\modules\javax.faces.jar;C:\Users\ASUS\GlassFish_Server2\glassfish\modules\javax.inject.jar;C:\Users\ASUS\GlassFish_Server2\glassfish\modules\javax.interceptor-api.jar;C:\Users\ASUS\GlassFish_Server2\glassfish\modules\javax.jms-api.jar;C:\Users\ASUS\GlassFish_Server2\glassfish\modules\javax.json.jar;C:\Users\ASUS\GlassFish_Server2\glassfish\modules\javax.mail.jar;C:\Users\ASUS\GlassFish_Server2\glassfish\modules\javax.management.j2ee-api.jar;C:\Users\ASUS\GlassFish_Server2\glassfish\modules\javax.persistence.jar;C:\Users\ASUS\GlassFish_Server2\glassfish\modules\javax.resource-api.jar;C:\Users\ASUS\GlassFish_Server2\glassfish\modules\javax.security.auth.message-api.jar;C:\Users\ASUS\GlassFish_Server2\glassfish\modules\javax.security.jacc-api.jar;C:\Users\ASUS\GlassFish_Server2\glassfish\modules\javax.servlet-api.jar;C:\Users\ASUS\GlassFish_Server2\glassfish\modules\javax.servlet.jsp-api.jar;C:\Users\ASUS\GlassFish_Server2\glassfish\modules\javax.servlet.jsp.jar;C:\Users\ASUS\GlassFish_Server2\glassfish\modules\javax.servlet.jsp.jstl-api.jar;C:\Users\ASUS\GlassFish_Server2\glassfish\modules\javax.servlet.jsp.jstl.jar;C:\Users\ASUS\GlassFish_Server2\glassfish\modules\javax.transaction-api.jar;C:\Users\ASUS\GlassFish_Server2\glassfish\modules\javax.websocket-api.jar;C:\Users\ASUS\GlassFish_Server2\glassfish\modules\javax.ws.rs-api.jar;C:\Users\ASUS\GlassFish_Server2\glassfish\modules\javax.xml.registry-api.jar;C:\Users\ASUS\GlassFish_Server2\glassfish\modules\javax.xml.rpc-api.jar;C:\Users\ASUS\GlassFish_Server2\glassfish\modules\jaxb-osgi.jar;C:\Users\ASUS\GlassFish_Server2\glassfish\modules\webservices-osgi.jar;C:\Users\ASUS\GlassFish_Server2\glassfish\modules\weld-osgi-bundle.jar;C:\Users\ASUS\GlassFish_Server2\mq\lib\jaxm-api.jar;C:\Users\ASUS\GlassFish_Server2\glassfish\lib\embedded\glassfish-embedded-static-shell.jar;C:\Program Files\NetBeans-12.2\netbeans\extide\ant\lib\ant-launcher.jar;C:\Program Files\NetBeans-12.2\netbeans\extide\ant\lib\ant.jar;C:\Program Files\NetBeans-12.2\netbeans\extide\ant\lib\ant-junit.jar;C:\Program Files\NetBeans-12.2\netbeans\extide\ant\lib\ant-junit4.jar" />
    <property name="libs.absolutelayout.src" value="" />
    <property name="libs.jpa20-persistence.classpath" value="C:\Program Files\NetBeans-12.2\netbeans\java\modules\ext\eclipselink\javax.persistence-2.2.1.jar" />
    <property name="libs.junit_5.javadoc" value="C:\Program Files\NetBeans-12.2\netbeans\platform\docs\junit-jupiter-api-5.6.0-javadoc.jar;C:\Program Files\NetBeans-12.2\netbeans\platform\docs\junit-jupiter-params-5.6.0-javadoc.jar;C:\Program Files\NetBeans-12.2\netbeans\platform\docs\junit-jupiter-engine-5.6.0-javadoc.jar" />
    <property name="libs.MyLibrary1.classpath" value="C:\Users\ASUS\GlassFish_Server1\glassfish\modules\autostart\org.apache.felix.configadmin.jar;C:\Users\ASUS\GlassFish_Server1\glassfish\modules\autostart\org.apache.felix.eventadmin.jar;C:\Users\ASUS\GlassFish_Server1\glassfish\modules\autostart\org.apache.felix.fileinstall.jar;C:\Users\ASUS\GlassFish_Server1\glassfish\modules\autostart\org.apache.felix.gogo.command.jar;C:\Users\ASUS\GlassFish_Server1\glassfish\modules\autostart\org.apache.felix.gogo.runtime.jar;C:\Users\ASUS\GlassFish_Server1\glassfish\modules\autostart\org.apache.felix.gogo.shell.jar;C:\Users\ASUS\GlassFish_Server1\glassfish\modules\autostart\org.apache.felix.scr.jar;C:\Users\ASUS\GlassFish_Server1\glassfish\modules\autostart\osgi-cdi.jar;C:\Users\ASUS\GlassFish_Server1\glassfish\modules\autostart\osgi-ee-resources.jar;C:\Users\ASUS\GlassFish_Server1\glassfish\modules\autostart\osgi-ejb-container.jar;C:\Users\ASUS\GlassFish_Server1\glassfish\modules\autostart\osgi-http.jar;C:\Users\ASUS\GlassFish_Server1\glassfish\modules\autostart\osgi-javaee-base.jar;C:\Users\ASUS\GlassFish_Server1\glassfish\modules\autostart\osgi-jdbc.jar;C:\Users\ASUS\GlassFish_Server1\glassfish\modules\autostart\osgi-jpa.jar;C:\Users\ASUS\GlassFish_Server1\glassfish\modules\autostart\osgi-jta.jar;C:\Users\ASUS\GlassFish_Server1\glassfish\modules\autostart\osgi-web-container.jar;C:\Users\ASUS\GlassFish_Server1\glassfish\modules\endorsed\grizzly-npn-bootstrap.jar;C:\Users\ASUS\GlassFish_Server1\glassfish\modules\endorsed\jakarta.annotation-api.jar;C:\Users\ASUS\GlassFish_Server1\glassfish\modules\endorsed\jakarta.xml.bind-api.jar;C:\Users\ASUS\GlassFish_Server1\glassfish\modules\endorsed\webservices-api-osgi.jar" />
    <property name="libs.spring-framework500.src" value="" />
    <property name="j2ee.server.type" value="gfv3ee6" />
    <property name="os.version" value="10.0" />
    <property name="libs.EclipseLink-GlassFish-v3.javadoc" value="C:\Program Files\NetBeans-12.2\netbeans\enterprise\docs\javaee-doc-api.jar" />
    <property name="libs.jakartaee-api-8.0.javadoc" value="C:\Program Files\NetBeans-12.2\netbeans\enterprise\docs\jakartaee8-doc-api.jar" />
    <property name="libs.javaee-api-7.0.maven-pom" value="" />
    <property name="sun.awt.enableExtraMouseButtons" value="true" />
    <property name="sun.desktop" value="windows" />
    <property name="libs.Comet-GlassFish-v3.src" value="" />
    <property name="libs.restlib.javadoc" value="" />
    <property name="war.content.additional" value="" />
    <property name="libs.JAXB-ENDORSED.classpath" value="C:\Program Files\NetBeans-12.2\netbeans\ide\modules\ext\jaxb\api\jaxb-api.jar" />
    <property name="nb.internal.action.name" value="run.single" />
    <property name="j2ee.platform.embeddableejb.classpath" value="C:/Users/ASUS/GlassFish_Server2/glassfish/lib/embedded/glassfish-embedded-static-shell.jar" />
    <property name="forceRedeploy" value="false" />
    <property name="libs.javaee-api-7.0.javadoc" value="C:\Program Files\NetBeans-12.2\netbeans\enterprise\docs\javaee-doc-api.jar" />
    <property name="libs.eclipselink.classpath" value="C:\Program Files\NetBeans-12.2\netbeans\java\modules\ext\eclipselink\org.eclipse.persistence.core-2.7.7.jar;C:\Program Files\NetBeans-12.2\netbeans\java\modules\ext\eclipselink\org.eclipse.persistence.asm-2.7.7.jar;C:\Program Files\NetBeans-12.2\netbeans\java\modules\ext\eclipselink\org.eclipse.persistence.antlr-2.7.7.jar;C:\Program Files\NetBeans-12.2\netbeans\java\modules\ext\eclipselink\org.eclipse.persistence.jpa-2.7.7.jar;C:\Program Files\NetBeans-12.2\netbeans\java\modules\ext\eclipselink\org.eclipse.persistence.jpa.jpql-2.7.7.jar;C:\Program Files\NetBeans-12.2\netbeans\java\modules\ext\eclipselink\org.eclipse.persistence.moxy-2.7.7.jar;C:\Program Files\NetBeans-12.2\netbeans\java\modules\ext\eclipselink\javax.persistence-2.2.1.jar" />
    <property name="java.awt.graphicsenv" value="sun.awt.Win32GraphicsEnvironment" />
    <property name="java.vm.vendor" value="Oracle Corporation" />
    <property name="libs.CopyLibs.classpath" value="C:\Program Files\NetBeans-12.2\netbeans\java\ant\extra\org-netbeans-modules-java-j2seproject-copylibstask.jar" />
    <property name="libs.javaee-api-8.0.src" value="" />
    <property name="libs.spring-framework300.classpath" value="C:\Program Files\NetBeans-12.2\netbeans\platform\modules\org-apache-commons-logging.jar;C:\Program Files\NetBeans-12.2\netbeans\java\modules\ext\cglib-2.2.jar;C:\Program Files\NetBeans-12.2\netbeans\java\modules\ext\spring-3.0\spring-aop-3.2.18.RELEASE.jar;C:\Program Files\NetBeans-12.2\netbeans\java\modules\ext\spring-3.0\spring-aspects-3.2.18.RELEASE.jar;C:\Program Files\NetBeans-12.2\netbeans\java\modules\ext\spring-3.0\spring-beans-3.2.18.RELEASE.jar;C:\Program Files\NetBeans-12.2\netbeans\java\modules\ext\spring-3.0\spring-context-3.2.18.RELEASE.jar;C:\Program Files\NetBeans-12.2\netbeans\java\modules\ext\spring-3.0\spring-context-support-3.2.18.RELEASE.jar;C:\Program Files\NetBeans-12.2\netbeans\java\modules\ext\spring-3.0\spring-core-3.2.18.RELEASE.jar;C:\Program Files\NetBeans-12.2\netbeans\java\modules\ext\spring-3.0\spring-expression-3.2.18.RELEASE.jar;C:\Program Files\NetBeans-12.2\netbeans\java\modules\ext\spring-3.0\spring-instrument-3.2.18.RELEASE.jar;C:\Program Files\NetBeans-12.2\netbeans\java\modules\ext\spring-3.0\spring-instrument-tomcat-3.2.18.RELEASE.jar;C:\Program Files\NetBeans-12.2\netbeans\java\modules\ext\spring-3.0\spring-jdbc-3.2.18.RELEASE.jar;C:\Program Files\NetBeans-12.2\netbeans\java\modules\ext\spring-3.0\spring-jms-3.2.18.RELEASE.jar;C:\Program Files\NetBeans-12.2\netbeans\java\modules\ext\spring-3.0\spring-orm-3.2.18.RELEASE.jar;C:\Program Files\NetBeans-12.2\netbeans\java\modules\ext\spring-3.0\spring-oxm-3.2.18.RELEASE.jar;C:\Program Files\NetBeans-12.2\netbeans\java\modules\ext\spring-3.0\spring-struts-3.2.18.RELEASE.jar;C:\Program Files\NetBeans-12.2\netbeans\java\modules\ext\spring-3.0\spring-test-3.2.18.RELEASE.jar;C:\Program Files\NetBeans-12.2\netbeans\java\modules\ext\spring-3.0\spring-tx-3.2.18.RELEASE.jar;C:\Program Files\NetBeans-12.2\netbeans\java\modules\ext\spring-3.0\spring-web-3.2.18.RELEASE.jar;C:\Program Files\NetBeans-12.2\netbeans\java\modules\ext\spring-3.0\spring-webmvc-3.2.18.RELEASE.jar;C:\Program Files\NetBeans-12.2\netbeans\java\modules\ext\spring-3.0\spring-webmvc-portlet-3.2.18.RELEASE.jar" />
    <property name="libs.jsp-compiler.maven-pom" value="" />
    <property name="libs.junit_5.maven-pom" value="" />
    <property name="libs.hamcrest.src" value="" />
    <property name="libs.JAXB-ENDORSED.src" value="" />
    <property name="dist.archive.excludes" value="" />
    <property name="libs.testng.javadoc" value="C:\Program Files\NetBeans-12.2\netbeans\platform\docs\testng-6.13.1-javadoc.jar" />
    <property name="platforms.JDK_1.8.home" value="C:\Program Files\Java\jdk1.8.0_181" />
    <property name="user.script" value="" />
    <property name="libs.PostgreSQLDriver.classpath" value="C:\Program Files\NetBeans-12.2\netbeans\ide\modules\ext\postgresql-42.2.16.jar" />
    <property name="libs.jsf12.maven-pom" value="" />
    <property name="annotation.processing.source.output" value="build/generated-sources/ap-source-output" />
    <property name="libs.CopyLibs.src" value="" />
    <property name="build.dir" value="build" />
    <property name="libs.jsp-compilation.classpath" value="C:\Program Files\NetBeans-12.2\netbeans\extide\ant\lib\ant.jar;C:\Program Files\NetBeans-12.2\netbeans\enterprise\modules\ext\servlet3.1-jsp2.3-api.jar;C:\Program Files\NetBeans-12.2\netbeans\enterprise\modules\ext\glassfish-jspparser-4.0.jar;C:\Program Files\NetBeans-12.2\netbeans\enterprise\modules\ext\jsf-2_2\javax.faces.jar;C:\Program Files\NetBeans-12.2\netbeans\enterprise\modules\ext\jstl-api.jar;C:\Program Files\NetBeans-12.2\netbeans\extide\ant\lib\ant-launcher.jar" />
    <property name="libs.javaee-web-api-8.0.javadoc" value="C:\Program Files\NetBeans-12.2\netbeans\enterprise\docs\javaee-doc-api.jar" />
    <property name="j2ee.platform.is.jsr109" value="true" />
    <property name="ant.version" value="Apache Ant(TM) version 1.10.8 compiled on May 10 2020" />
    <property name="selected.browser" value="SL[/Browsers/MicrosoftEdgeBrowser" />
    <property name="file.encoding" value="Cp1252" />
    <property name="build.classes.excludes" value="**/*.java,**/*.form" />
    <property name="javadoc.nonavbar" value="false" />
    <property name="libs.spring-webmvc4.0.classpath" value="C:\Program Files\NetBeans-12.2\netbeans\java\modules\ext\spring-4\spring-webmvc-4.3.29.RELEASE.jar" />
    <property name="platform.active" value="JDK_1.8" />
    <property name="libs.javaee-web-api-8.0.maven-pom" value="" />
    <property name="libs.MyLibrary2.maven-pom" value="" />
    <property name="awt.toolkit" value="sun.awt.windows.WToolkit" />
    <property name="war.ear.name" value="Shop.war" />
    <property name="libs.javaee-web-api-7.0.javadoc" value="C:\Program Files\NetBeans-12.2\netbeans\enterprise\docs\javaee-doc-api.jar" />
  </properties>
  <testcase classname="DAO.LoaiSPDAOTest" name="testFindByIdDung" time="0.664" />
  <testcase classname="DAO.LoaiSPDAOTest" name="testDeleteLoaiSPThanhCong" time="0.039" />
  <testcase classname="DAO.LoaiSPDAOTest" name="testDeleteLoaiSPThatBai" time="0.041" />
  <testcase classname="DAO.LoaiSPDAOTest" name="testAddLoaiSPThatBai" time="0.051" />
  <testcase classname="DAO.LoaiSPDAOTest" name="testGetAllLoaiSP" time="0.038" />
  <testcase classname="DAO.LoaiSPDAOTest" name="testAddLoaiSPThanhCong" time="0.046" />
  <testcase classname="DAO.LoaiSPDAOTest" name="testFindByIdSai" time="0.032" />
  <testcase classname="DAO.LoaiSPDAOTest" name="testEditLoaiSPThatBai1" time="0.035" />
  <testcase classname="DAO.LoaiSPDAOTest" name="testEditLoaiSPThatBai2" time="0.03" />
  <testcase classname="DAO.LoaiSPDAOTest" name="testEditLoaiSPThanhCong" time="0.044" />
  <system-out><![CDATA[findById
deleteLoaiSP
deleteLoaiSP
addLoaiSP
getAllLoaiSP
addLoaiSP
findById
editLoaiSP
editLoaiSP
editLoaiSP
]]></system-out>
  <system-err><![CDATA[]]></system-err>
</testsuite>
